mpi load
mpirun
[INFO] [2016.9.6 14:35:46 /home/d.mingers/opt/nest-gitclone/nestkernel/rng_manager.cpp:226 @ Network::create_rngs_] : Creating default RNGs
[INFO] [2016.9.6 14:35:46 /home/d.mingers/opt/nest-gitclone/nestkernel/rng_manager.cpp:221 @ Network::create_rngs_] : Deleting existing random number generators
[INFO] [2016.9.6 14:35:46 /home/d.mingers/opt/nest-gitclone/nestkernel/rng_manager.cpp:226 @ Network::create_rngs_] : Creating default RNGs
[INFO] [2016.9.6 14:35:46 /home/d.mingers/opt/nest-gitclone/nestkernel/rng_manager.cpp:272 @ Network::create_grng_] : Creating new default global RNG

              -- N E S T --

  Copyright (C) 2004 The NEST Initiative
  Version 2.10.0 Aug  2 2016 12:28:30

This program is provided AS IS and comes with
NO WARRANTY. See the file LICENSE for details.

Problems or suggestions?
  Visit http://www.nest-simulator.org

Type 'nest.help()' to find out more about NEST.
ext rate: 2.0, connection probability: 0.1
threshold rate: 0.048, external rate: 0.096, stim rate: 78000.0
Building network
Connecting devices
Connecting network
Excitatory connections
Inhibitory connections
Simulating
Brunel network simulation (Python)
Number of neurons : 12500
Number of synapses: 6263100
       Exitatory  : 3137500
       Resonator  : 3137500
       Inhibitory : 3125000
Excitatory rate   : 13.75 Hz
Resonating rate   : 2.54 Hz
Inhibitory rate   : 13.40 Hz
Building time     : 4.47 s
Simulation time   : 308.36 s
