[INFO] [2016.9.28 23:58:50 /home/d.mingers/opt/nest-gitclone/nestkernel/rng_manager.cpp:226 @ Network::create_rngs_] : Creating default RNGs
[INFO] [2016.9.28 23:58:50 /home/d.mingers/opt/nest-gitclone/nestkernel/rng_manager.cpp:221 @ Network::create_rngs_] : Deleting existing random number generators
[INFO] [2016.9.28 23:58:50 /home/d.mingers/opt/nest-gitclone/nestkernel/rng_manager.cpp:226 @ Network::create_rngs_] : Creating default RNGs
[INFO] [2016.9.28 23:58:50 /home/d.mingers/opt/nest-gitclone/nestkernel/rng_manager.cpp:272 @ Network::create_grng_] : Creating new default global RNG
[INFO] [2016.9.28 23:58:52 /home/d.mingers/opt/nest-gitclone/nestkernel/rng_manager.cpp:226 @ Network::create_rngs_] : Creating default RNGs

              -- N E S T --

  Copyright (C) 2004 The NEST Initiative
  Version 2.11.0 Sep 16 2016 15:44:15

This program is provided AS IS and comes with
NO WARRANTY. See the file LICENSE for details.

Problems or suggestions?
  Visit http://www.nest-simulator.org
gers/opt/nest-gitclone/nestkernel/rng_manager.cpp:221 @ Network::create_rngs_] : Deleting existing random number generators

INFO] [2016.9.28 23:58:52 /home/d.mingers/opt/nest-gitclone/nestkernel/rng_manager.cpp:226 @ Network::create_rngs_] : Creating default RNGs
[INFO] [2016.9.28 23:58:52 /home/d.mingers/opt/nest-gitclone/nestkernel/rng_manager.cpp:272 @ Network::create_grng_] : Creating new default global RNG

              -- N E S T --

  Copyright (C) 2004 The NEST Initiative
  Version 2.11.0 Sep 16 2016 15:44:15

This program is provided AS IS and comes with
NO WARRANTY. See the file LICENSE for details.

Problems or suggestions?
  Visit http://www.nest-simulator.org

Type 'nest.help()' to find out more about NEST.
[INFO] [2016.9.28 23:58:54 /home/d.mingers/opt/nest-gitclone/nestkernel/rng_manager.cpp:226 @ Network::create_rngs_] : Creating default RNGs
[INFO] [2016.9.28 23:58:54 /home/d.mingers/opt/nest-gitclone/nestkernel/rng_manager.cpp:221 @ Network::create_rngs_] : Deleting existing random number generators
[INFO] [2016.9.28 23:58:54 /home/d.mingers/opt/nest-gitclone/nestkernel/rng_manager.cpp:226 @ Network::create_rngs_] : Creating default RNGs
[INFO] [2016.9.28 23:58:54 /home/d.mingers/opt/nest-gitclone/nestkernel/rng_manager.cpp:272 @ Network::create_grng_] : Creating new default global RNG

              -- N E S T --

  Copyright (C) 2004 The NEST Initiative
  Version 2.11.0 Sep 16 2016 15:44:15

This program is provided AS IS and comes with
NO WARRANTY. See the file LICENSE for details.

Problems or suggestions?
  Visit http://www.nest-simulator.org

Type 'nest.help()' to find out more about NEST.
[INFO] [2016.9.28 23:58:52 /home/d.mingers/opt/nest-gitclone/nestkernel/rng_manager.cpp:226 @ Network::create_rngs_] : Creating default RNGs
[INFO] [2016.9.28 23:58:52 /home/d.mingers/opt/nest-gitclone/nestkernel/rng_manager.cpp:221 @ Network::create_rngs_] : Deleting existing random number generators
[INFO] [2016.9.28 23:58:52 /home/d.mingers/opt/nest-gitclone/nestkernel/rng_manager.cpp:226 @ Network::create_rngs_] : Creating default RNGs
[INFO] [2016.9.28 23:58:52 /home/d.mingers/opt/nest-gitclone/nestkernel/rng_manager.cpp:272 @ Network::create_grng_] : Creating new default global RNG

              -- N E S T --

  Copyright (C) 2004 The NEST Initiative
  Version 2.11.0 Sep 16 2016 15:44:15

This program is provided AS IS and comes with
NO WARRANTY. See the file LICENSE for details.

Problems or suggestions?
  Visit http://www.nest-simulator.org

Type 'nest.help()' to find out more about NEST.
[INFO] [2016.9.28 23:58:51 /home/d.mingers/opt/nest-gitclone/nestkernel/rng_manager.cpp:226 @ Network::create_rngs_] : Creating default RNGs
[INFO] [2016.9.28 23:58:51 /home/d.mingers/opt/nest-gitclone/nestkernel/rng_manager.cpp:221 @ Network::create_rngs_] : Deleting existing random number generators
[INFO] [2016.9.28 23:58:51 /home/d.mingers/opt/nest-gitclone/nestkernel/rng_manager.cpp:226 @ Network::create_rngs_] : Creating default RNGs
[INFO] [2016.9.28 23:58:51 /home/d.mingers/opt/nest-gitclone/nestkernel/rng_manager.cpp:272 @ Network::create_grng_] : Creating new default global RNG

              -- N E S T --

  Copyright (C) 2004 The NEST Initiative
  Version 2.11.0 Sep 16 2016 15:44:15

This program is provided AS IS and comes with
NO WARRANTY. See the file LICENSE for details.

Problems or suggestions?
  Visit http://www.nest-simulator.org

Type 'nest.help()' to find out more about NEST.
[INFO] [2016.9.28 23:58:51 /home/d.mingers/opt/nest-gitclone/nestkernel/rng_manager.cpp:226 @ Network::create_rngs_] : Creating default RNGs
[INFO] [2016.9.28 23:58:51 /home/d.mingers/opt/nest-gitclone/nestkernel/rng_manager.cpp:221 @ Network::create_rngs_] : Deleting existing random number generators
[INFO] [2016.9.28 23:58:51 /home/d.mingers/opt/nest-gitclone/nestkernel/rng_manager.cpp:226 @ Network::create_rngs_] : Creating default RNGs
[INFO] [2016.9.28 23:58:51 /home/d.mingers/opt/nest-gitclone/nestkernel/rng_manager.cpp:272 @ Network::create_grng_] : Creating new default global RNG

              -- N E S T --

  Copyright (C) 2004 The NEST Initiative
  Version 2.11.0 Sep 16 2016 15:44:15

This program is provided AS IS and comes with
NO WARRANTY. See the file LICENSE for details.

Problems or suggestions?
  Visit http://www.nest-simulator.org

Type 'nest.help()' to find out more about NEST.
ext rate: 2.0, connection probability: 0.1
Building network
Connecting devices
Connecting network
Excitatory connections
Resonating connections
Inhibitory connections
Simulating
ext rate: 2.0, connection probability: 0.1
Building network
ext rate: 2.0, connection probability: 0.1
Building network
Connecting devices
Connecting network
Excitatory connections
Resonating connections
Inhibitory connections
Simulating
ext rate: 2.0, connection probability: 0.1
Building network
Connecting devices
Connecting network
Excitatory connections
Resonating connections
Inhibitory connections
Simulating
ext rate: 2.0, connection probability: 0.1
Building network
Connecting devices
Connecting network
Excitatory connections
Resonating connections
Inhibitory connections
Simulating
ext rate: 2.0, connection probability: 0.1
Building network
Connecting devices
Connecting network
Excitatory connections
Resonating connections
Inhibitory connections
Simulating
ext rate: 2.0, connection probability: 0.1
Building network
Connecting devices
Connecting network
Excitatory connections
Resonating connections
Inhibitory connections
Simulating
ext rate: 2.0, connection probability: 0.1
Building network
Connecting devices
Connecting network
Excitatory connections
Resonating connections
Inhibitory connections
Simulating
ext rate: 2.0, connection probability: 0.1
Building network
Connecting devices
Connecting network
Excitatory connections
Resonating connections
Inhibitory connections
Simulating
ext rate: 2.0, connection probability: 0.1
Building network
Connecting devices
Connecting network
Excitatory connections
Resonating connections
Inhibitory connections
Simulating
