ext rate: 2.0, connection probability: 0.1
mpi load
ext rate: 2.0, connection probability: 0.1
ext rate: 2.0, connection probability: 0.1
threshold rate: 0.024, external rate: 0.048, stim rate: 66000.0
Building network
Connecting devices
ext rate: 2.0, connection probability: 0.1
ext rate: 2.0, connection probability: 0.1
ext rate: 2.0, connection probability: 0.1
efining Synapses
Excitatory connections
ext rate: 2.0, connection probability: 0.1
ext rate: 2.0, connection probability: 0.1
ext rate: 2.0, connection probability: 0.1
Resonating connections
Connecting network
Excitatory connections
Defining Synapses
Excitatory connections
ext rate: 2.0, connection probability: 0.1
ext rate: 2.0, connection probability: 0.1
ext rate: 2.0, connection probability: 0.1
ext rate: 2.0, connection probability: 0.1
Inhibitory connections
Resonating connections
ext rate: 2.0, connection probability: 0.1
ext rate: 2.0, connection probability: 0.1
Inhibitory connections
ext rate: 2.0, connection probability: 0.1
ext rate: 2.0, connection probability: 0.1
Simulating
ext rate: 2.0, connection probability: 0.1
ext rate: 2.0, connection probability: 0.1
ext rate: 2.0, connection probability: 0.1
ext rate: 2.0, connection probability: 0.1
Simulating
ext rate: 2.0, connection probability: 0.1
ext rate: 2.0, connection probability: 0.1
ext rate: 2.0, connection probability: 0.1
ext rate: 2.0, connection probability: 0.1
ext rate: 2.0, connection probability: 0.1
ext rate: 2.0, connection probability: 0.1
ext rate: 2.0, connection probability: 0.1
ext rate: 2.0, connection probability: 0.1
ext rate: 2.0, connection probability: 0.1
ext rate: 2.0, connection probability: 0.1
ext rate: 2.0, connection probability: 0.1
ext rate: 2.0, connection probability: 0.1
mpirun
ext rate: 2.0, connection probability: 0.1
ext rate: 2.0, connection probability: 0.1
ext rate: 2.0, connection probability: 0.1
ext rate: 2.0, connection probability: 0.1
ext rate: 2.0, connection probability: 0.1
ext rate: 2.0, connection probability: 0.1
ext rate: 2.0, connection probability: 0.1
ext rate: 2.0, connection probability: 0.1
ext rate: 2.0, connection probability: 0.1
ext rate: 2.0, connection probability: 0.1
ext rate: 2.0, connection probability: 0.1
ext rate: 2.0, connection probability: 0.1
ext rate: 2.0, connection probability: 0.1
ext rate: 2.0, connection probability: 0.1
ext rate: 2.0, connection probability: 0.1
ext rate: 2.0, connection probability: 0.1
ext rate: 2.0, connection probability: 0.1
ext rate: 2.0, connection probability: 0.1
ext rate: 2.0, connection probability: 0.1
ext rate: 2.0, connection probability: 0.1
ext rate: 2.0, connection probability: 0.1
ext rate: 2.0, connection probability: 0.1
ext rate: 2.0, connection probability: 0.1
ext rate: 2.0, connection probability: 0.1
-------------------------------------------------------
Primary job  terminated normally, but 1 process returned
a non-zero exit code.. Per user-direction, the job has been aborted.
-------------------------------------------------------
ext rate: 2.0, connection probability: 0.1
--------------------------------------------------------------------------
mpirun detected that one or more processes exited with non-zero status, thus causing
the job to be terminated. The first process to do so was:

  Process name: [[31757,1],9]
  Exit code:    1
--------------------------------------------------------------------------
ext rate: 2.0, connection probability: 0.1
threshold rate: 0.024, external rate: 0.048, stim rate: 66000.0
Building network
ext rate: 2.0, connection probability: 0.1
ext rate: 2.0, connection probability: 0.1
ext rate: 2.0, connection probability: 0.1
ext rate: 2.0, connection probability: 0.1
ext rate: 2.0, connection probability: 0.1
ext rate: 2.0, connection probability: 0.1
ext rate: 2.0, connection probability: 0.1
ext rate: 2.0, connection probability: 0.1
threshold rate: 0.024, external rate: 0.048, stim rate: 66000.0
Building network
ext rate: 2.0, connection probability: 0.1
Connecting devices
ext rate: 2.0, connection probability: 0.1
ext rate: 2.0, connection probability: 0.1
ext rate: 2.0, connection probability: 0.1
Connecting network
Excitatory connections
Defining Synapses
ext rate: 2.0, connection probability: 0.1
ext rate: 2.0, connection probability: 0.1
ext rate: 2.0, connection probability: 0.1
ext rate: 2.0, connection probability: 0.1
-------------------------------------------------------
Primary job  terminated normally, but 1 process returned
a non-zero exit code.. Per user-direction, the job has been aborted.
-------------------------------------------------------
ext rate: 2.0, connection probability: 0.1
Resonating connections
on probability: 0.1
ext rate: 2.0, connection probability: 0.1
Connecting network
Excitatory connections
Defining Synapses
Excitatory connections
ext rate: 2.0, connection probability: 0.1
ext rate: 2.0, connection probability: 0.1
ext rate: 2.0, connection probability: 0.1
ext rate: 2.0, connection probability: 0.1
ext rate: 2.0, connection probability: 0.1
ext rate: 2.0, connection probability: 0.1
--------------------------------------------------------------------------
mpirun detected that one or more processes exited with non-zero status, thus causing
the job to be terminated. The first process to do so was:

  Process name: [[64098,1],18]
  Exit code:    1
--------------------------------------------------------------------------
ext rate: 2.0, connection probability: 0.1
Resonating connections
on probability: 0.1
ext rate: 2.0, connection probability: 0.1
ext rate: 2.0, connection probability: 0.1
ext rate: 2.0, connection probability: 0.1
ext rate: 2.0, connection probability: 0.1
ext rate: 2.0, connection probability: 0.1
Simulating
ext rate: 2.0, connection probability: 0.1
Inhibitory connections
ext rate: 2.0, connection probability: 0.1
ext rate: 2.0, connection probability: 0.1
threshold rate: 0.024, external rate: 0.048, stim rate: 66000.0
Building network
ext rate: 2.0, connection probability: 0.1
Connecting devices
ext rate: 2.0, connection probability: 0.1
ext rate: 2.0, connection probability: 0.1
ext rate: 2.0, connection probability: 0.1
Simulating
Connecting network
Excitatory connections
Defining Synapses
Excitatory connections
ext rate: 2.0, connection probability: 0.1
ext rate: 2.0, connection probability: 0.1
ext rate: 2.0, connection probability: 0.1
ext rate: 2.0, connection probability: 0.1
ext rate: 2.0, connection probability: 0.1
ext rate: 2.0, connection probability: 0.1
ext rate: 2.0, connection probability: 0.1
ext rate: 2.0, connection probability: 0.1
Resonating connections
ext rate: 2.0, connection probability: 0.1
Inhibitory connections
ext rate: 2.0, connection probability: 0.1
ext rate: 2.0, connection probability: 0.1
ext rate: 2.0, connection probability: 0.1
ext rate: 2.0, connection probability: 0.1
threshold rate: 0.024, external rate: 0.048, stim rate: 66000.0
Building network
Simulating
ext rate: 2.0, connection probability: 0.1
Connecting devices
ext rate: 2.0, connection probability: 0.1
ext rate: 2.0, connection probability: 0.1
ext rate: 2.0, connection probability: 0.1
ext rate: 2.0, connection probability: 0.1
Connecting network
Excitatory connections
Defining Synapses
Excitatory connections
ext rate: 2.0, connection probability: 0.1
ext rate: 2.0, connection probability: 0.1
ext rate: 2.0, connection probability: 0.1
ext rate: 2.0, connection probability: 0.1
ext rate: 2.0, connection probability: 0.1
ext rate: 2.0, connection probability: 0.1
Resonating connections
ext rate: 2.0, connection probability: 0.1
ext rate: 2.0, connection probability: 0.1
ext rate: 2.0, connection probability: 0.1
Inhibitory connections
ext rate: 2.0, connection probability: 0.1
threshold rate: 0.024, external rate: 0.048, stim rate: 66000.0
Building network
ext rate: 2.0, connection probability: 0.1
Connecting devices
ext rate: 2.0, connection probability: 0.1
ext rate: 2.0, connection probability: 0.1
ext rate: 2.0, connection probability: 0.1
ext rate: 2.0, connection probability: 0.1
ext rate: 2.0, connection probability: 0.1
ext rate: 2.0, connection probability: 0.1
ext rate: 2.0, connection probability: 0.1
Simulating
ext rate: 2.0, connection probability: 0.1
ext rate: 2.0, connection probability: 0.1
ext rate: 2.0, connection probability: 0.1
ext rate: 2.0, connection probability: 0.1
ext rate: 2.0, connection probability: 0.1
ext rate: 2.0, connection probability: 0.1
ext rate: 2.0, connection probability: 0.1
ext rate: 2.0, connection probability: 0.1
Connecting network
Excitatory connections
Defining Synapses
Excitatory connections
ext rate: 2.0, connection probability: 0.1
ext rate: 2.0, connection probability: 0.1
ext rate: 2.0, connection probability: 0.1
ext rate: 2.0, connection probability: 0.1
ext rate: 2.0, connection probability: 0.1
ext rate: 2.0, connection probability: 0.1
ext rate: 2.0, connection probability: 0.1
ext rate: 2.0, connection probability: 0.1
ext rate: 2.0, connection probability: 0.1
Resonating connections
ext rate: 2.0, connection probability: 0.1
ext rate: 2.0, connection probability: 0.1
ext rate: 2.0, connection probability: 0.1
ext rate: 2.0, connection probability: 0.1
ext rate: 2.0, connection probability: 0.1
ext rate: 2.0, connection probability: 0.1
ext rate: 2.0, connection probability: 0.1
ext rate: 2.0, connection probability: 0.1
ext rate: 2.0, connection probability: 0.1
threshold rate: 0.024, external rate: 0.048, stim rate: 66000.0
Building network
Inhibitory connections
Connecting devices
ext rate: 2.0, connection probability: 0.1
ext rate: 2.0, connection probability: 0.1
ext rate: 2.0, connection probability: 0.1
ext rate: 2.0, connection probability: 0.1
ext rate: 2.0, connection probability: 0.1
ext rate: 2.0, connection probability: 0.1
ext rate: 2.0, connection probability: 0.1
ext rate: 2.0, connection probability: 0.1
ext rate: 2.0, connection probability: 0.1
ext rate: 2.0, connection probability: 0.1
ext rate: 2.0, connection probability: 0.1
ext rate: 2.0, connection probability: 0.1
ext rate: 2.0, connection probability: 0.1
ext rate: 2.0, connection probability: 0.1
Simulating
ext rate: 2.0, connection probability: 0.1
ext rate: 2.0, connection probability: 0.1
ext rate: 2.0, connection probability: 0.1
threshold rate: 0.024, external rate: 0.048, stim rate: 66000.0
Building network
ext rate: 2.0, connection probability: 0.1
ext rate: 2.0, connection probability: 0.1
Connecting devices
ext rate: 2.0, connection probability: 0.1
Connecting network
Excitatory connections
Defining Synapses
Excitatory connections
ext rate: 2.0, connection probability: 0.1
ext rate: 2.0, connection probability: 0.1
ext rate: 2.0, connection probability: 0.1
ext rate: 2.0, connection probability: 0.1
ext rate: 2.0, connection probability: 0.1
ext rate: 2.0, connection probability: 0.1
ext rate: 2.0, connection probability: 0.1
ext rate: 2.0, connection probability: 0.1
ext rate: 2.0, connection probability: 0.1
ext rate: 2.0, connection probability: 0.1
ext rate: 2.0, connection probability: 0.1
ext rate: 2.0, connection probability: 0.1
ext rate: 2.0, connection probability: 0.1
Resonating connections
ext rate: 2.0, connection probability: 0.1
ext rate: 2.0, connection probability: 0.1
ext rate: 2.0, connection probability: 0.1
ext rate: 2.0, connection probability: 0.1
ext rate: 2.0, connection probability: 0.1
ext rate: 2.0, connection probability: 0.1
ext rate: 2.0, connection probability: 0.1
ext rate: 2.0, connection probability: 0.1
Connecting network
Excitatory connections
Defining Synapses
Excitatory connections
ext rate: 2.0, connection probability: 0.1
ext rate: 2.0, connection probability: 0.1
ext rate: 2.0, connection probability: 0.1
ext rate: 2.0, connection probability: 0.1
ext rate: 2.0, connection probability: 0.1
ext rate: 2.0, connection probability: 0.1
ext rate: 2.0, connection probability: 0.1
Inhibitory connections
ext rate: 2.0, connection probability: 0.1
ext rate: 2.0, connection probability: 0.1
ext rate: 2.0, connection probability: 0.1
ext rate: 2.0, connection probability: 0.1
ext rate: 2.0, connection probability: 0.1
ext rate: 2.0, connection probability: 0.1
ext rate: 2.0, connection probability: 0.1
ext rate: 2.0, connection probability: 0.1
ext rate: 2.0, connection probability: 0.1
Resonating connections
ext rate: 2.0, connection probability: 0.1
ext rate: 2.0, connection probability: 0.1
ext rate: 2.0, connection probability: 0.1
ext rate: 2.0, connection probability: 0.1
ext rate: 2.0, connection probability: 0.1
ext rate: 2.0, connection probability: 0.1
ext rate: 2.0, connection probability: 0.1
ext rate: 2.0, connection probability: 0.1
ext rate: 2.0, connection probability: 0.1
ext rate: 2.0, connection probability: 0.1
ext rate: 2.0, connection probability: 0.1
Inhibitory connections
ext rate: 2.0, connection probability: 0.1
ext rate: 2.0, connection probability: 0.1
ext rate: 2.0, connection probability: 0.1
Simulating
.0, connection probability: 0.1
ext rate: 2.0, connection probability: 0.1
ext rate: 2.0, connection probability: 0.1
ext rate: 2.0, connection probability: 0.1
ext rate: 2.0, connection probability: 0.1
ext rate: 2.0, connection probability: 0.1
ext rate: 2.0, connection probability: 0.1
ext rate: 2.0, connection probability: 0.1
ext rate: 2.0, connection probability: 0.1
ext rate: 2.0, connection probability: 0.1
ext rate: 2.0, connection probability: 0.1
ext rate: 2.0, connection probability: 0.1
ext rate: 2.0, connection probability: 0.1
Simulating
ext rate: 2.0, connection probability: 0.1
ext rate: 2.0, connection probability: 0.1
ext rate: 2.0, connection probability: 0.1
ext rate: 2.0, connection probability: 0.1
ext rate: 2.0, connection probability: 0.1
ext rate: 2.0, connection probability: 0.1
ext rate: 2.0, connection probability: 0.1
-------------------------------------------------------
Primary job  terminated normally, but 1 process returned
a non-zero exit code.. Per user-direction, the job has been aborted.
-------------------------------------------------------
obability: 0.1
ext rate: 2.0, connection probability: 0.1
ext rate: 2.0, connection probability: 0.1
threshold rate: 0.024, external rate: 0.048, stim rate: 66000.0
Building network
ext rate: 2.0, connection probability: 0.1
ext rate: 2.0, connection probability: 0.1
ext rate: 2.0, connection probability: 0.1
Connecting devices
Connecting devices
-------------------------------------------------------
Primary job  terminated normally, but 1 process returned
a non-zero exit code.. Per user-direction, the job has been aborted.
-------------------------------------------------------
 process to do so was:

  Process name: [[25380,1],43]
  Exit code:    1
--------------------------------------------------------------------------
ext rate: 2.0, connection probability: 0.1
ext rate: 2.0, connection probability: 0.1
--------------------------------------------------------------------------
mpirun detected that one or more processes exited with non-zero status, thus causing
the job to be terminated. The first process to do so was:

  Process name: [[62723,1],44]
  Exit code:    1
--------------------------------------------------------------------------
Excitatory connections
ext rate: 2.0, connection probability: 0.1
ext rate: 2.0, connection probability: 0.1
ext rate: 2.0, connection probability: 0.1
ext rate: 2.0, connection probability: 0.1
ext rate: 2.0, connection probability: 0.1
ext rate: 2.0, connection probability: 0.1
Connecting network
Excitatory connections
Defining Synapses
Excitatory connections
ext rate: 2.0, connection probability: 0.1
ext rate: 2.0, connection probability: 0.1
ext rate: 2.0, connection probability: 0.1
ext rate: 2.0, connection probability: 0.1
ext rate: 2.0, connection probability: 0.1
ext rate: 2.0, connection probability: 0.1
threshold rate: 0.024, external rate: 0.048, stim rate: 66000.0
Building network
ext rate: 2.0, connection probability: 0.1
ext rate: 2.0, connection probability: 0.1
threshold rate: 0.024, external rate: 0.048, stim rate: 66000.0
Building network
ext rate: 2.0, connection probability: 0.1
ext rate: 2.0, connection probability: 0.1
ext rate: 2.0, connection probability: 0.1
ext rate: 2.0, connection probability: 0.1
Connecting devices
ext rate: 2.0, connection probability: 0.1
ext rate: 2.0, connection probability: 0.1
ext rate: 2.0, connection probability: 0.1
Resonating connections
ext rate: 2.0, connection probability: 0.1
ext rate: 2.0, connection probability: 0.1
ext rate: 2.0, connection probability: 0.1
-------------------------------------------------------
Primary job  terminated normally, but 1 process returned
a non-zero exit code.. Per user-direction, the job has been aborted.
-------------------------------------------------------
external rate: 0.048, stim rate: 66000.0
Building network
ext rate: 2.0, connection probability: 0.1
ext rate: 2.0, connection probability: 0.1
Connecting devices
ext rate: 2.0, connection probability: 0.1
ext rate: 2.0, connection probability: 0.1
Inhibitory connections
Connecting network
Excitatory connections
Defining Synapses
Excitatory connections
ext rate: 2.0, connection probability: 0.1
ext rate: 2.0, connection probability: 0.1
ext rate: 2.0, connection probability: 0.1
ext rate: 2.0, connection probability: 0.1
Inhibitory connections
on probability: 0.1
ext rate: 2.0, connection probability: 0.1
--------------------------------------------------------------------------
mpirun detected that one or more processes exited with non-zero status, thus causing
the job to be terminated. The first process to do so was:

  Process name: [[16369,1],23]
  Exit code:    1
--------------------------------------------------------------------------
ext rate: 2.0, connection probability: 0.1
ext rate: 2.0, connection probability: 0.1
ext rate: 2.0, connection probability: 0.1
ext rate: 2.0, connection probability: 0.1
ext rate: 2.0, connection probability: 0.1
ext rate: 2.0, connection probability: 0.1
ext rate: 2.0, connection probability: 0.1
ext rate: 2.0, connection probability: 0.1
ext rate: 2.0, connection probability: 0.1
ext rate: 2.0, connection probability: 0.1
Resonating connections
ext rate: 2.0, connection probability: 0.1
ext rate: 2.0, connection probability: 0.1
ext rate: 2.0, connection probability: 0.1
ext rate: 2.0, connection probability: 0.1
ext rate: 2.0, connection probability: 0.1
ext rate: 2.0, connection probability: 0.1
ext rate: 2.0, connection probability: 0.1
ext rate: 2.0, connection probability: 0.1
ext rate: 2.0, connection probability: 0.1
ext rate: 2.0, connection probability: 0.1
ext rate: 2.0, connection probability: 0.1
ext rate: 2.0, connection probability: 0.1
efining Synapses
Excitatory connections
ext rate: 2.0, connection probability: 0.1
Simulating
ext rate: 2.0, connection probability: 0.1
ext rate: 2.0, connection probability: 0.1
ext rate: 2.0, connection probability: 0.1
ext rate: 2.0, connection probability: 0.1
ext rate: 2.0, connection probability: 0.1
threshold rate: 0.024, external rate: 0.048, stim rate: 66000.0
Building network
ext rate: 2.0, connection probability: 0.1
Inhibitory connections
Connecting network
Excitatory connections
Defining Synapses
Excitatory connections
Connecting devices
ext rate: 2.0, connection probability: 0.1
ext rate: 2.0, connection probability: 0.1
ext rate: 2.0, connection probability: 0.1
ext rate: 2.0, connection probability: 0.1
ext rate: 2.0, connection probability: 0.1
ext rate: 2.0, connection probability: 0.1
-------------------------------------------------------
Primary job  terminated normally, but 1 process returned
a non-zero exit code.. Per user-direction, the job has been aborted.
-------------------------------------------------------
ext rate: 2.0, connection probability: 0.1
ext rate: 2.0, connection probability: 0.1
ext rate: 2.0, connection probability: 0.1
threshold rate: 0.024, external rate: 0.048, stim rate: 66000.0
Building network
Resonating connections
--------------------------------------------------------------------------
mpirun detected that one or more processes exited with non-zero status, thus causing
the job to be terminated. The first process to do so was:

  Process name: [[55273,1],1]
  Exit code:    1
--------------------------------------------------------------------------
ext rate: 2.0, connection probability: 0.1
ext rate: 2.0, connection probability: 0.1
ext rate: 2.0, connection probability: 0.1
ext rate: 2.0, connection probability: 0.1
ext rate: 2.0, connection probability: 0.1
ext rate: 2.0, connection probability: 0.1
ext rate: 2.0, connection probability: 0.1
ext rate: 2.0, connection probability: 0.1
ext rate: 2.0, connection probability: 0.1
ext rate: 2.0, connection probability: 0.1
ext rate: 2.0, connection probability: 0.1
ext rate: 2.0, connection probability: 0.1
ext rate: 2.0, connection probability: 0.1
ext rate: 2.0, connection probability: 0.1
ext rate: 2.0, connection probability: 0.1
ext rate: 2.0, connection probability: 0.1
ext rate: 2.0, connection probability: 0.1
Connecting network
Excitatory connections
Defining Synapses
Excitatory connections
ext rate: 2.0, connection probability: 0.1
Simulating
threshold rate: 0.024, external rate: 0.048, stim rate: 66000.0
Building network
ext rate: 2.0, connection probability: 0.1
ext rate: 2.0, connection probability: 0.1
ext rate: 2.0, connection probability: 0.1
-------------------------------------------------------
Primary job  terminated normally, but 1 process returned
a non-zero exit code.. Per user-direction, the job has been aborted.
-------------------------------------------------------
on probability: 0.1
ext rate: 2.0, connection probability: 0.1
Resonating connections
ext rate: 2.0, connection probability: 0.1
ext rate: 2.0, connection probability: 0.1
ext rate: 2.0, connection probability: 0.1
Resonating connections
ext rate: 2.0, connection probability: 0.1
ext rate: 2.0, connection probability: 0.1
ext rate: 2.0, connection probability: 0.1
ext rate: 2.0, connection probability: 0.1
ext rate: 2.0, connection probability: 0.1
--------------------------------------------------------------------------
mpirun detected that one or more processes exited with non-zero status, thus causing
the job to be terminated. The first process to do so was:

  Process name: [[26041,1],6]
  Exit code:    1
--------------------------------------------------------------------------
ext rate: 2.0, connection probability: 0.1
ext rate: 2.0, connection probability: 0.1
Connecting devices
ext rate: 2.0, connection probability: 0.1
ext rate: 2.0, connection probability: 0.1
Inhibitory connections
ext rate: 2.0, connection probability: 0.1
ext rate: 2.0, connection probability: 0.1
ext rate: 2.0, connection probability: 0.1
ext rate: 2.0, connection probability: 0.1
ext rate: 2.0, connection probability: 0.1
ext rate: 2.0, connection probability: 0.1
ext rate: 2.0, connection probability: 0.1
ext rate: 2.0, connection probability: 0.1
threshold rate: 0.024, external rate: 0.048, stim rate: 66000.0
Building network
ext rate: 2.0, connection probability: 0.1
ext rate: 2.0, connection probability: 0.1
Inhibitory connections
ext rate: 2.0, connection probability: 0.1
ext rate: 2.0, connection probability: 0.1
ext rate: 2.0, connection probability: 0.1
Connecting network
Excitatory connections
Defining Synapses
Excitatory connections
on probability: 0.1
ext rate: 2.0, connection probability: 0.1
ext rate: 2.0, connection probability: 0.1
threshold rate: 0.024, external rate: 0.048, stim rate: 66000.0
Building network
ext rate: 2.0, connection probability: 0.1
ext rate: 2.0, connection probability: 0.1
Connecting devices
ext rate: 2.0, connection probability: 0.1
ext rate: 2.0, connection probability: 0.1
ext rate: 2.0, connection probability: 0.1
ext rate: 2.0, connection probability: 0.1
ext rate: 2.0, connection probability: 0.1
ext rate: 2.0, connection probability: 0.1
ext rate: 2.0, connection probability: 0.1
threshold rate: 0.024, external rate: 0.048, stim rate: 66000.0
Building network
Inhibitory connections
ext rate: 2.0, connection probability: 0.1
ext rate: 2.0, connection probability: 0.1
ext rate: 2.0, connection probability: 0.1
ext rate: 2.0, connection probability: 0.1
Connecting devices
Connecting devices
ext rate: 2.0, connection probability: 0.1
ext rate: 2.0, connection probability: 0.1
ext rate: 2.0, connection probability: 0.1
ext rate: 2.0, connection probability: 0.1
ext rate: 2.0, connection probability: 0.1
ext rate: 2.0, connection probability: 0.1
ext rate: 2.0, connection probability: 0.1
-------------------------------------------------------
Primary job  terminated normally, but 1 process returned
a non-zero exit code.. Per user-direction, the job has been aborted.
-------------------------------------------------------
on probability: 0.1
ext rate: 2.0, connection probability: 0.1
ext rate: 2.0, connection probability: 0.1
Connecting network
Excitatory connections
Defining Synapses
Excitatory connections
ext rate: 2.0, connection probability: 0.1
-------------------------------------------------------
Primary job  terminated normally, but 1 process returned
a non-zero exit code.. Per user-direction, the job has been aborted.
-------------------------------------------------------
184,1],28]
  Exit code:    1
--------------------------------------------------------------------------
ext rate: 2.0, connection probability: 0.1
ext rate: 2.0, connection probability: 0.1
threshold rate: 0.024, external rate: 0.048, stim rate: 66000.0
Building network
ext rate: 2.0, connection probability: 0.1
Simulating
ext rate: 2.0, connection probability: 0.1
Connecting devices
ext rate: 2.0, connection probability: 0.1
threshold rate: 0.024, external rate: 0.048, stim rate: 66000.0
Building network
ext rate: 2.0, connection probability: 0.1
threshold rate: 0.024, external rate: 0.048, stim rate: 66000.0
Building network
ext rate: 2.0, connection probability: 0.1
ext rate: 2.0, connection probability: 0.1
threshold rate: 0.024, external rate: 0.048, stim rate: 66000.0
Building network
Resonating connections
-------------------------------------------------------
Primary job  terminated normally, but 1 process returned
a non-zero exit code.. Per user-direction, the job has been aborted.
-------------------------------------------------------
ext rate: 2.0, connection probability: 0.1
threshold rate: 0.024, external rate: 0.048, stim rate: 66000.0
Building network
Connecting devices
ext rate: 2.0, connection probability: 0.1
Connecting devices
Connecting network
Excitatory connections
Defining Synapses
Excitatory connections
ext rate: 2.0, connection probability: 0.1
--------------------------------------------------------------------------
mpirun detected that one or more processes exited with non-zero status, thus causing
the job to be terminated. The first process to do so was:

  Process name: [[4344,1],14]
  Exit code:    1
--------------------------------------------------------------------------
Connecting devices
ext rate: 2.0, connection probability: 0.1
ext rate: 2.0, connection probability: 0.1
-------------------------------------------------------
Primary job  terminated normally, but 1 process returned
a non-zero exit code.. Per user-direction, the job has been aborted.
-------------------------------------------------------
Connecting network
Excitatory connections
Defining Synapses
Excitatory connections
Simulating
ext rate: 2.0, connection probability: 0.1
ext rate: 2.0, connection probability: 0.1
, stim rate: 66000.0
Building network
ext rate: 2.0, connection probability: 0.1
threshold rate: 0.024, external rate: 0.048, stim rate: 66000.0
Building network
ext rate: 2.0, connection probability: 0.1
Connecting network
Excitatory connections
Defining Synapses
Excitatory connections
ext rate: 2.0, connection probability: 0.1
ext rate: 2.0, connection probability: 0.1
threshold rate: 0.024, external rate: 0.048, stim rate: 66000.0
Building network
Simulating
Connecting devices
ext rate: 2.0, connection probability: 0.1
ext rate: 2.0, connection probability: 0.1
--------------------------------------------------------------------------
mpirun detected that one or more processes exited with non-zero status, thus causing
the job to be terminated. The first process t-------------------------------------------------------
Primary job  terminated normally, but 1 process returned
a non-zero exit code.. Per user-direction, the job has been aborted.
-------------------------------------------------------
s
--------------------------------------------------------------------------
mpirun detected that one or more processes exited with non-zero status, thus causing
the job to be terminated. The first process to do so was:

  Process name: [[15731,1],47]
  Exit code:    1
--------------------------------------------------------------------------
Connecting network
Excitatory connections
Defining Synapses
Excitatory connections
--------------------------------------------------------------------------
mpirun detected that one or more processes exited with non-zero status, thus causing
the job to be terminated. The first process to do so was:

  Process name: [[45019,1],4]
  Exit code:    1
--------------------------------------------------------------------------
Inhibitory connections
Resonating connections
Resonating connections
-------------------------------------------------------
Primary job  terminated normally, but 1 process returned
a non-zero exit code.. Per user-direction, the job has been aborted.
-------------------------------------------------------
Resonating connections
Connecting network
Excitatory connections
Defining Synapses
Excitatory connections
Resonating connections
Resonating connections
Inhibitory connections
Connecting network
Excitatory connections
Defining Synapses
Resonating connections
Excitatory connections
--------------------------------------------------------------------------
mpirun detected that one or more processes exited with non-zero status, thus causing
the job to be terminated. The first process to do so was:

  Process name: [[15428,1],44]
  Exit code:    1
--------------------------------------------------------------------------
Inhibitory connections
Connecting network
Connecting network
Excitatory connections
Defining Synapses
Excitatory connections
Connecting network
Excitatory connections
Defining Synapses
Excitatory connections
Excitatory connections
Defining Synapses
Excitatory connections
Connecting network
Excitatory connections
Defining Synapses
Excitatory connections
Simulating
Inhibitory connections
Inhibitory connections
Inhibitory connections
Inhibitory connections
Resonating connections
Simulating
Resonating connections
Simulating
Resonating connections
Resonating connections
Resonating connections
Resonating connections
Connecting network
Excitatory connections
Defining Synapses
Excitatory connections
Inhibitory connections
Simulating
Simulating
Simulating
Inhibitory connections
Resonating connections
Inhibitory connections
Inhibitory connections
Inhibitory connections
Simulating
Inhibitory connections
Simulating
Inhibitory connections
Simulating
Simulating
Simulating
Simulating
Simulating
Simulating
[INFO] [2016.9.6 21:47:46 /home/d.mingers/opt/nest-gitclone/nestkernel/rng_manager.cpp:226 @ Network::create_rngs_] : Creating default RNGs
[INFO] [2016.9.6 21:47:46 /home/d.mingers/opt/nest-gitclone/nestkernel/rng_manager.cpp:226 @ Network::create_rngs_] : Creating default RNGs
[INFO] [2016.9.6 21:47:46 /home/d.mingers/opt/nest-gitclone/nestkernel/rng_manager.cpp:226 @ Network::create_rngs_] : Creating default RNGs
[INFO] [2016.9.6 21:47:46 /home/d.mingers/opt/nest-gitclone/nestkernel/rng_manager.cpp:226 @ Network::create_rngs_] : Creating default RNGs
[INFO] [2016.9.6 21:47:46 /home/d.mingers/opt/nest-gitclone/nestkernel/rng_manager.cpp:221 @ Network::create_rngs_] : Deleting existing random number generators
[INFO] [2016.9.6 21:47:46 /home/d.mingers/opt/nest-gitclone/nestkernel/rng_manager.cpp:226 @ Network::create_rngs_] : Creating default RNGs
[INFO] [2016.9.6 21:47:46 /home/d.mingers/opt/nest-gitclone/nestkernel/rng_manager.cpp:226 @ Network::create_rngs_] : Creating default RNGs
[INFO] [2016.9.6 21:47:46 /home/d.mingers/opt/nest-gitclone/nestkernel/rng_manager.cpp:221 @ Network::create_rngs_] : Deleting existing random number generators
[INFO] [2016.9.6 21:47:46 /home/d.mingers/opt/nest-gitclone/nestkernel/rng_manager.cpp:226 @ Network::create_rngs_] : Creating default RNGs
[INFO] [2016.9.6 21:47:46 /home/d.mingers/opt/nest-gitclone/nestkernel/rng_manager.cpp:226 @ Network::create_rngs_] : Creating default RNGs
[INFO] [2016.9.6 21:47:46 /home/d.mingers/opt/nest-gitclone/nestkernel/rng_manager.cpp:221 @ Network::create_rngs_] : Deleting existing random number generators
[INFO] [2016.9.6 21:47:46 /home/d.mingers/opt/nest-gitclone/nestkernel/rng_manager.cpp:226 @ Network::create_rngs_] : Creating default RNGs
[INFO] [2016.9.6 21:47:46 /home/d.mingers/opt/nest-gitclone/nestkernel/rng_manager.cpp:272 @ Network::create_grng_] : Creating new default global RNG
[INFO] [2016.9.6 21:47:46 /home/d.mingers/opt/nest-gitclone/nestkernel/rng_manager.cpp:221 @ Network::create_rngs_] : Deleting existing random number generators
[INFO] [2016.9.6 21:47:46 /home/d.mingers/opt/nest-gitclone/nestkernel/rng_manager.cpp:226 @ Network::create_rngs_] : Creating default RNGs
[INFO] [2016.9.6 21:47:46 /home/d.mingers/opt/nest-gitclone/nestkernel/rng_manager.cpp:272 @ Network::create_grng_] : Creating new default global RNG
[INFO] [2016.9.6 21:47:46 /home/d.mingers/opt/nest-gitclone/nestkernel/rng_manager.cpp:226 @ Network::create_rngs_] : Creating default RNGs
[INFO] [2016.9.6 21:47:46 /home/d.mingers/opt/nest-gitclone/nestkernel/rng_manager.cpp:221 @ Network::create_rngs_] : Deleting existing random number generators
[INFO] [2016.9.6 21:47:46 /home/d.mingers/opt/nest-gitclone/nestkernel/rng_manager.cpp:226 @ Network::create_rngs_] : Creating default RNGs
[INFO] [2016.9.6 21:47:46 /home/d.mingers/opt/nest-gitclone/nestkernel/rng_manager.cpp:272 @ Network::create_grng_] : Creating new default global RNG
[INFO] [2016.9.6 21:47:46 /home/d.mingers/opt/nest-gitclone/nestkernel/rng_manager.cpp:221 @ Network::create_rngs_] : Deleting existing random number generators
[INFO] [2016.9.6 21:47:46 /home/d.mingers/opt/nest-gitclone/nestkernel/rng_manager.cpp:226 @ Network::create_rngs_] : Creating default RNGs
[INFO] [2016.9.6 21:47:46 /home/d.mingers/opt/nest-gitclone/nestkernel/rng_manager.cpp:272 @ Network::create_grng_] : Creating new default global RNG
[INFO] [2016.9.6 21:47:46 /home/d.mingers/opt/nest-gitclone/nestkernel/rng_manager.cpp:221 @ Network::create_rngs_] : Deleting existing random number generators
[INFO] [2016.9.6 21:47:46 /home/d.mingers/opt/nest-gitclone/nestkernel/rng_manager.cpp:226 @ Network::create_rngs_] : Creating default RNGs
[INFO] [2016.9.6 21:47:46 /home/d.mingers/opt/nest-gitclone/nestkernel/rng_manager.cpp:272 @ Network::create_grng_] : Creating new default global RNG
[INFO] [2016.9.6 21:47:46 /home/d.mingers/opt/nest-gitclone/nestkernel/rng_manager.cpp:226 @ Network::create_rngs_] : Creating default RNGs
[INFO] [2016.9.6 21:47:46 /home/d.mingers/opt/nest-gitclone/nestkernel/rng_manager.cpp:221 @ Network::create_rngs_] : Deleting existing random number generators
[INFO] [2016.9.6 21:47:46 /home/d.mingers/opt/nest-gitclone/nestkernel/rng_manager.cpp:226 @ Network::create_rngs_] : Creating default RNGs
[INFO] [2016.9.6 21:47:46 /home/d.mingers/opt/nest-gitclone/nestkernel/rng_manager.cpp:272 @ Network::create_grng_] : Creating new default global RNG
[INFO] [2016.9.6 21:47:46 /home/d.mingers/opt/nest-gitclone/nestkernel/rng_manager.cpp:226 @ Network::create_rngs_] : Creating default RNGs
[INFO] [2016.9.6 21:47:46 /home/d.mingers/opt/nest-gitclone/nestkernel/rng_manager.cpp:221 @ Network::create_rngs_] : Deleting existing random number generators
[INFO] [2016.9.6 21:47:46 /home/d.mingers/opt/nest-gitclone/nestkernel/rng_manager.cpp:226 @ Network::create_rngs_] : Creating default RNGs
[INFO] [2016.9.6 21:47:46 /home/d.mingers/opt/nest-gitclone/nestkernel/rng_manager.cpp:272 @ Network::create_grng_] : Creating new default global RNG
[INFO] [2016.9.6 21:47:46 /home/d.mingers/opt/nest-gitclone/nestkernel/rng_manager.cpp:272 @ Network::create_grng_] : Creating new default global RNG
[INFO] [2016.9.6 21:47:46 /home/d.mingers/opt/nest-gitclone/nestkernel/rng_manager.cpp:226 @ Network::create_rngs_] : Creating default RNGs
[INFO] [2016.9.6 21:47:46 /home/d.mingers/opt/nest-gitclone/nestkernel/rng_manager.cpp:221 @ Network::create_rngs_] : Deleting existing random number generators
[INFO] [2016.9.6 21:47:46 /home/d.mingers/opt/nest-gitclone/nestkernel/rng_manager.cpp:226 @ Network::create_rngs_] : Creating default RNGs
[INFO] [2016.9.6 21:47:46 /home/d.mingers/opt/nest-gitclone/nestkernel/rng_manager.cpp:272 @ Network::create_grng_] : Creating new default global RNG
[INFO] [2016.9.6 21:47:46 /home/d.mingers/opt/nest-gitclone/nestkernel/rng_manager.cpp:226 @ Network::create_rngs_] : Creating default RNGs
[INFO] [2016.9.6 21:47:46 /home/d.mingers/opt/nest-gitclone/nestkernel/rng_manager.cpp:221 @ Network::create_rngs_] : Deleting existing random number generators
[INFO] [2016.9.6 21:47:46 /home/d.mingers/opt/nest-gitclone/nestkernel/rng_manager.cpp:226 @ Network::create_rngs_] : Creating default RNGs
[INFO] [2016.9.6 21:47:46 /home/d.mingers/opt/nest-gitclone/nestkernel/rng_manager.cpp:272 @ Network::create_grng_] : Creating new default global RNG
[INFO] [2016.9.6 21:47:46 /home/d.mingers/opt/nest-gitclone/nestkernel/rng_manager.cpp:226 @ Network::create_rngs_] : Creating default RNGs
[INFO] [2016.9.6 21:47:46 /home/d.mingers/opt/nest-gitclone/nestkernel/rng_manager.cpp:221 @ Network::create_rngs_] : Deleting existing random number generators
[INFO] [2016.9.6 21:47:46 /home/d.mingers/opt/nest-gitclone/nestkernel/rng_manager.cpp:226 @ Network::create_rngs_] : Creating default RNGs
[INFO] [2016.9.6 21:47:46 /home/d.mingers/opt/nest-gitclone/nestkernel/rng_manager.cpp:272 @ Network::create_grng_] : Creating new default global RNG
[INFO] [2016.9.6 21:47:46 /home/d.mingers/opt/nest-gitclone/nestkernel/rng_manager.cpp:226 @ Network::create_rngs_] : Creating default RNGs
[INFO] [2016.9.6 21:47:46 /home/d.mingers/opt/nest-gitclone/nestkernel/rng_manager.cpp:221 @ Network::create_rngs_] : Deleting existing random number generators
[INFO] [2016.9.6 21:47:46 /home/d.mingers/opt/nest-gitclone/nestkernel/rng_manager.cpp:226 @ Network::create_rngs_] : Creating default RNGs
[INFO] [2016.9.6 21:47:46 /home/d.mingers/opt/nest-gitclone/nestkernel/rng_manager.cpp:272 @ Network::create_grng_] : Creating new default global RNG
[INFO] [2016.9.6 21:47:46 /home/d.mingers/opt/nest-gitclone/nestkernel/rng_manager.cpp:226 @ Network::create_rngs_] : Creating default RNGs
[INFO] [2016.9.6 21:47:46 /home/d.mingers/opt/nest-gitclone/nestkernel/rng_manager.cpp:221 @ Network::create_rngs_] : Deleting existing random number generators
[INFO] [2016.9.6 21:47:46 /home/d.mingers/opt/nest-gitclone/nestkernel/rng_manager.cpp:226 @ Network::create_rngs_] : Creating default RNGs
[INFO] [2016.9.6 21:47:46 /home/d.mingers/opt/nest-gitclone/nestkernel/rng_manager.cpp:272 @ Network::create_grng_] : Creating new default global RNG
[INFO] [2016.9.6 21:47:46 /home/d.mingers/opt/nest-gitclone/nestkernel/rng_manager.cpp:226 @ Network::create_rngs_] : Creating default RNGs
[INFO] [2016.9.6 21:47:46 /home/d.mingers/opt/nest-gitclone/nestkernel/rng_manager.cpp:221 @ Network::create_rngs_] : Deleting existing random number generators
[INFO] [2016.9.6 21:47:46 /home/d.mingers/opt/nest-gitclone/nestkernel/rng_manager.cpp:226 @ Network::create_rngs_] : Creating default RNGs
[INFO] [2016.9.6 21:47:46 /home/d.mingers/opt/nest-gitclone/nestkernel/rng_manager.cpp:272 @ Network::create_grng_] : Creating new default global RNG
[INFO] [2016.9.6 21:47:46 /home/d.mingers/opt/nest-gitclone/nestkernel/rng_manager.cpp:226 @ Network::create_rngs_] : Creating default RNGs
[INFO] [2016.9.6 21:47:46 /home/d.mingers/opt/nest-gitclone/nestkernel/rng_manager.cpp:221 @ Network::create_rngs_] : Deleting existing random number generators
[INFO] [2016.9.6 21:47:46 /home/d.mingers/opt/nest-gitclone/nestkernel/rng_manager.cpp:226 @ Network::create_rngs_] : Creating default RNGs
[INFO] [2016.9.6 21:47:46 /home/d.mingers/opt/nest-gitclone/nestkernel/rng_manager.cpp:272 @ Network::create_grng_] : Creating new default global RNG
[INFO] [2016.9.6 21:47:46 /home/d.mingers/opt/nest-gitclone/nestkernel/rng_manager.cpp:226 @ Network::create_rngs_] : Creating default RNGs
[INFO] [2016.9.6 21:47:46 /home/d.mingers/opt/nest-gitclone/nestkernel/rng_manager.cpp:221 @ Network::create_rngs_] : Deleting existing random number generators
[INFO] [2016.9.6 21:47:46 /home/d.mingers/opt/nest-gitclone/nestkernel/rng_manager.cpp:226 @ Network::create_rngs_] : Creating default RNGs
[INFO] [2016.9.6 21:47:46 /home/d.mingers/opt/nest-gitclone/nestkernel/rng_manager.cpp:272 @ Network::create_grng_] : Creating new default global RNG
[INFO] [2016.9.6 21:47:46 /home/d.mingers/opt/nest-gitclone/nestkernel/rng_manager.cpp:226 @ Network::create_rngs_] : Creating default RNGs
[INFO] [2016.9.6 21:47:46 /home/d.mingers/opt/nest-gitclone/nestkernel/rng_manager.cpp:221 @ Network::create_rngs_] : Deleting existing random number generators
[INFO] [2016.9.6 21:47:46 /home/d.mingers/opt/nest-gitclone/nestkernel/rng_manager.cpp:226 @ Network::create_rngs_] : Creating default RNGs
[INFO] [2016.9.6 21:47:46 /home/d.mingers/opt/nest-gitclone/nestkernel/rng_manager.cpp:272 @ Network::create_grng_] : Creating new default global RNG
[INFO] [2016.9.6 21:47:46 /home/d.mingers/opt/nest-gitclone/nestkernel/rng_manager.cpp:226 @ Network::create_rngs_] : Creating default RNGs
[INFO] [2016.9.6 21:47:46 /home/d.mingers/opt/nest-gitclone/nestkernel/rng_manager.cpp:221 @ Network::create_rngs_] : Deleting existing random number generators
[INFO] [2016.9.6 21:47:46 /home/d.mingers/opt/nest-gitclone/nestkernel/rng_manager.cpp:226 @ Network::create_rngs_] : Creating default RNGs
[INFO] [2016.9.6 21:47:46 /home/d.mingers/opt/nest-gitclone/nestkernel/rng_manager.cpp:272 @ Network::create_grng_] : Creating new default global RNG
[INFO] [2016.9.6 21:47:46 /home/d.mingers/opt/nest-gitclone/nestkernel/rng_manager.cpp:226 @ Network::create_rngs_] : Creating default RNGs
[INFO] [2016.9.6 21:47:46 /home/d.mingers/opt/nest-gitclone/nestkernel/rng_manager.cpp:221 @ Network::create_rngs_] : Deleting existing random number generators
[INFO] [2016.9.6 21:47:46 /home/d.mingers/opt/nest-gitclone/nestkernel/rng_manager.cpp:226 @ Network::create_rngs_] : Creating default RNGs
[INFO] [2016.9.6 21:47:46 /home/d.mingers/opt/nest-gitclone/nestkernel/rng_manager.cpp:272 @ Network::create_grng_] : Creating new default global RNG
[INFO] [2016.9.6 21:47:46 /home/d.mingers/opt/nest-gitclone/nestkernel/rng_manager.cpp:226 @ Network::create_rngs_] : Creating default RNGs
[INFO] [2016.9.6 21:47:46 /home/d.mingers/opt/nest-gitclone/nestkernel/rng_manager.cpp:221 @ Network::create_rngs_] : Deleting existing random number generators
[INFO] [2016.9.6 21:47:46 /home/d.mingers/opt/nest-gitclone/nestkernel/rng_manager.cpp:226 @ Network::create_rngs_] : Creating default RNGs
[INFO] [2016.9.6 21:47:46 /home/d.mingers/opt/nest-gitclone/nestkernel/rng_manager.cpp:272 @ Network::create_grng_] : Creating new default global RNG
[INFO] [2016.9.6 21:47:46 /home/d.mingers/opt/nest-gitclone/nestkernel/rng_manager.cpp:226 @ Network::create_rngs_] : Creating default RNGs
[INFO] [2016.9.6 21:47:46 /home/d.mingers/opt/nest-gitclone/nestkernel/rng_manager.cpp:221 @ Network::create_rngs_] : Deleting existing random number generators
[INFO] [2016.9.6 21:47:46 /home/d.mingers/opt/nest-gitclone/nestkernel/rng_manager.cpp:226 @ Network::create_rngs_] : Creating default RNGs
[INFO] [2016.9.6 21:47:46 /home/d.mingers/opt/nest-gitclone/nestkernel/rng_manager.cpp:272 @ Network::create_grng_] : Creating new default global RNG
[INFO] [2016.9.6 21:47:46 /home/d.mingers/opt/nest-gitclone/nestkernel/rng_manager.cpp:226 @ Network::create_rngs_] : Creating default RNGs
[INFO] [2016.9.6 21:47:46 /home/d.mingers/opt/nest-gitclone/nestkernel/rng_manager.cpp:221 @ Network::create_rngs_] : Deleting existing random number generators
[INFO] [2016.9.6 21:47:46 /home/d.mingers/opt/nest-gitclone/nestkernel/rng_manager.cpp:226 @ Network::create_rngs_] : Creating default RNGs
[INFO] [2016.9.6 21:47:46 /home/d.mingers/opt/nest-gitclone/nestkernel/rng_manager.cpp:272 @ Network::create_grng_] : Creating new default global RNG
[INFO] [2016.9.6 21:47:46 /home/d.mingers/opt/nest-gitclone/nestkernel/rng_manager.cpp:226 @ Network::create_rngs_] : Creating default RNGs
[INFO] [2016.9.6 21:47:46 /home/d.mingers/opt/nest-gitclone/nestkernel/rng_manager.cpp:221 @ Network::create_rngs_] : Deleting existing random number generators
[INFO] [2016.9.6 21:47:46 /home/d.mingers/opt/nest-gitclone/nestkernel/rng_manager.cpp:226 @ Network::create_rngs_] : Creating default RNGs
[INFO] [2016.9.6 21:47:46 /home/d.mingers/opt/nest-gitclone/nestkernel/rng_manager.cpp:272 @ Network::create_grng_] : Creating new default global RNG
[INFO] [2016.9.6 21:47:46 /home/d.mingers/opt/nest-gitclone/nestkernel/rng_manager.cpp:226 @ Network::create_rngs_] : Creating default RNGs
[INFO] [2016.9.6 21:47:46 /home/d.mingers/opt/nest-gitclone/nestkernel/rng_manager.cpp:221 @ Network::create_rngs_] : Deleting existing random number generators
[INFO] [2016.9.6 21:47:46 /home/d.mingers/opt/nest-gitclone/nestkernel/rng_manager.cpp:226 @ Network::create_rngs_] : Creating default RNGs
[INFO] [2016.9.6 21:47:46 /home/d.mingers/opt/nest-gitclone/nestkernel/rng_manager.cpp:272 @ Network::create_grng_] : Creating new default global RNG
[INFO] [2016.9.6 21:47:46 /home/d.mingers/opt/nest-gitclone/nestkernel/rng_manager.cpp:226 @ Network::create_rngs_] : Creating default RNGs
[INFO] [2016.9.6 21:47:46 /home/d.mingers/opt/nest-gitclone/nestkernel/rng_manager.cpp:221 @ Network::create_rngs_] : Deleting existing random number generators
[INFO] [2016.9.6 21:47:46 /home/d.mingers/opt/nest-gitclone/nestkernel/rng_manager.cpp:226 @ Network::create_rngs_] : Creating default RNGs
[INFO] [2016.9.6 21:47:46 /home/d.mingers/opt/nest-gitclone/nestkernel/rng_manager.cpp:272 @ Network::create_grng_] : Creating new default global RNG
[INFO] [2016.9.6 21:47:46 /home/d.mingers/opt/nest-gitclone/nestkernel/rng_manager.cpp:226 @ Network::create_rngs_] : Creating default RNGs
[INFO] [2016.9.6 21:47:46 /home/d.mingers/opt/nest-gitclone/nestkernel/rng_manager.cpp:221 @ Network::create_rngs_] : Deleting existing random number generators
[INFO] [2016.9.6 21:47:46 /home/d.mingers/opt/nest-gitclone/nestkernel/rng_manager.cpp:226 @ Network::create_rngs_] : Creating default RNGs
[INFO] [2016.9.6 21:47:46 /home/d.mingers/opt/nest-gitclone/nestkernel/rng_manager.cpp:272 @ Network::create_grng_] : Creating new default global RNG
[INFO] [2016.9.6 21:47:46 /home/d.mingers/opt/nest-gitclone/nestkernel/rng_manager.cpp:226 @ Network::create_rngs_] : Creating default RNGs
[INFO] [2016.9.6 21:47:46 /home/d.mingers/opt/nest-gitclone/nestkernel/rng_manager.cpp:221 @ Network::create_rngs_] : Deleting existing random number generators
[INFO] [2016.9.6 21:47:46 /home/d.mingers/opt/nest-gitclone/nestkernel/rng_manager.cpp:226 @ Network::create_rngs_] : Creating default RNGs
[INFO] [2016.9.6 21:47:46 /home/d.mingers/opt/nest-gitclone/nestkernel/rng_manager.cpp:272 @ Network::create_grng_] : Creating new default global RNG
[INFO] [2016.9.6 21:47:46 /home/d.mingers/opt/nest-gitclone/nestkernel/rng_manager.cpp:226 @ Network::create_rngs_] : Creating default RNGs
[INFO] [2016.9.6 21:47:46 /home/d.mingers/opt/nest-gitclone/nestkernel/rng_manager.cpp:221 @ Network::create_rngs_] : Deleting existing random number generators
[INFO] [2016.9.6 21:47:46 /home/d.mingers/opt/nest-gitclone/nestkernel/rng_manager.cpp:226 @ Network::create_rngs_] : Creating default RNGs
[INFO] [2016.9.6 21:47:46 /home/d.mingers/opt/nest-gitclone/nestkernel/rng_manager.cpp:272 @ Network::create_grng_] : Creating new default global RNG
[INFO] [2016.9.6 21:47:46 /home/d.mingers/opt/nest-gitclone/nestkernel/rng_manager.cpp:226 @ Network::create_rngs_] : Creating default RNGs
[INFO] [2016.9.6 21:47:46 /home/d.mingers/opt/nest-gitclone/nestkernel/rng_manager.cpp:221 @ Network::create_rngs_] : Deleting existing random number generators
[INFO] [2016.9.6 21:47:46 /home/d.mingers/opt/nest-gitclone/nestkernel/rng_manager.cpp:226 @ Network::create_rngs_] : Creating default RNGs
[INFO] [2016.9.6 21:47:46 /home/d.mingers/opt/nest-gitclone/nestkernel/rng_manager.cpp:272 @ Network::create_grng_] : Creating new default global RNG
[INFO] [2016.9.6 21:47:46 /home/d.mingers/opt/nest-gitclone/nestkernel/rng_manager.cpp:226 @ Network::create_rngs_] : Creating default RNGs
[INFO] [2016.9.6 21:47:46 /home/d.mingers/opt/nest-gitclone/nestkernel/rng_manager.cpp:221 @ Network::create_rngs_] : Deleting existing random number generators
[INFO] [2016.9.6 21:47:46 /home/d.mingers/opt/nest-gitclone/nestkernel/rng_manager.cpp:226 @ Network::create_rngs_] : Creating default RNGs
[INFO] [2016.9.6 21:47:46 /home/d.mingers/opt/nest-gitclone/nestkernel/rng_manager.cpp:272 @ Network::create_grng_] : Creating new default global RNG
[INFO] [2016.9.6 21:47:46 /home/d.mingers/opt/nest-gitclone/nestkernel/rng_manager.cpp:226 @ Network::create_rngs_] : Creating default RNGs
[INFO] [2016.9.6 21:47:46 /home/d.mingers/opt/nest-gitclone/nestkernel/rng_manager.cpp:221 @ Network::create_rngs_] : Deleting existing random number generators
[INFO] [2016.9.6 21:47:46 /home/d.mingers/opt/nest-gitclone/nestkernel/rng_manager.cpp:226 @ Network::create_rngs_] : Creating default RNGs
[INFO] [2016.9.6 21:47:46 /home/d.mingers/opt/nest-gitclone/nestkernel/rng_manager.cpp:272 @ Network::create_grng_] : Creating new default global RNG
[INFO] [2016.9.6 21:47:46 /home/d.mingers/opt/nest-gitclone/nestkernel/rng_manager.cpp:226 @ Network::create_rngs_] : Creating default RNGs
[INFO] [2016.9.6 21:47:46 /home/d.mingers/opt/nest-gitclone/nestkernel/rng_manager.cpp:221 @ Network::create_rngs_] : Deleting existing random number generators
[INFO] [2016.9.6 21:47:46 /home/d.mingers/opt/nest-gitclone/nestkernel/rng_manager.cpp:226 @ Network::create_rngs_] : Creating default RNGs
[INFO] [2016.9.6 21:47:46 /home/d.mingers/opt/nest-gitclone/nestkernel/rng_manager.cpp:272 @ Network::create_grng_] : Creating new default global RNG
[INFO] [2016.9.6 21:47:46 /home/d.mingers/opt/nest-gitclone/nestkernel/rng_manager.cpp:226 @ Network::create_rngs_] : Creating default RNGs
[INFO] [2016.9.6 21:47:46 /home/d.mingers/opt/nest-gitclone/nestkernel/rng_manager.cpp:221 @ Network::create_rngs_] : Deleting existing random number generators
[INFO] [2016.9.6 21:47:46 /home/d.mingers/opt/nest-gitclone/nestkernel/rng_manager.cpp:226 @ Network::create_rngs_] : Creating default RNGs
[INFO] [2016.9.6 21:47:46 /home/d.mingers/opt/nest-gitclone/nestkernel/rng_manager.cpp:272 @ Network::create_grng_] : Creating new default global RNG
[INFO] [2016.9.6 21:47:46 /home/d.mingers/opt/nest-gitclone/nestkernel/rng_manager.cpp:226 @ Network::create_rngs_] : Creating default RNGs
[INFO] [2016.9.6 21:47:46 /home/d.mingers/opt/nest-gitclone/nestkernel/rng_manager.cpp:221 @ Network::create_rngs_] : Deleting existing random number generators
[INFO] [2016.9.6 21:47:46 /home/d.mingers/opt/nest-gitclone/nestkernel/rng_manager.cpp:226 @ Network::create_rngs_] : Creating default RNGs
[INFO] [2016.9.6 21:47:46 /home/d.mingers/opt/nest-gitclone/nestkernel/rng_manager.cpp:272 @ Network::create_grng_] : Creating new default global RNG
[INFO] [2016.9.6 21:47:46 /home/d.mingers/opt/nest-gitclone/nestkernel/rng_manager.cpp:226 @ Network::create_rngs_] : Creating default RNGs
[INFO] [2016.9.6 21:47:46 /home/d.mingers/opt/nest-gitclone/nestkernel/rng_manager.cpp:221 @ Network::create_rngs_] : Deleting existing random number generators
[INFO] [2016.9.6 21:47:46 /home/d.mingers/opt/nest-gitclone/nestkernel/rng_manager.cpp:226 @ Network::create_rngs_] : Creating default RNGs
[INFO] [2016.9.6 21:47:46 /home/d.mingers/opt/nest-gitclone/nestkernel/rng_manager.cpp:272 @ Network::create_grng_] : Creating new default global RNG
[INFO] [2016.9.6 21:47:46 /home/d.mingers/opt/nest-gitclone/nestkernel/rng_manager.cpp:226 @ Network::create_rngs_] : Creating default RNGs
[INFO] [2016.9.6 21:47:46 /home/d.mingers/opt/nest-gitclone/nestkernel/rng_manager.cpp:221 @ Network::create_rngs_] : Deleting existing random number generators
[INFO] [2016.9.6 21:47:46 /home/d.mingers/opt/nest-gitclone/nestkernel/rng_manager.cpp:226 @ Network::create_rngs_] : Creating default RNGs
[INFO] [2016.9.6 21:47:46 /home/d.mingers/opt/nest-gitclone/nestkernel/rng_manager.cpp:272 @ Network::create_grng_] : Creating new default global RNG
[INFO] [2016.9.6 21:47:46 /home/d.mingers/opt/nest-gitclone/nestkernel/rng_manager.cpp:226 @ Network::create_rngs_] : Creating default RNGs
[INFO] [2016.9.6 21:47:46 /home/d.mingers/opt/nest-gitclone/nestkernel/rng_manager.cpp:221 @ Network::create_rngs_] : Deleting existing random number generators
[INFO] [2016.9.6 21:47:46 /home/d.mingers/opt/nest-gitclone/nestkernel/rng_manager.cpp:226 @ Network::create_rngs_] : Creating default RNGs
[INFO] [2016.9.6 21:47:46 /home/d.mingers/opt/nest-gitclone/nestkernel/rng_manager.cpp:272 @ Network::create_grng_] : Creating new default global RNG
[INFO] [2016.9.6 21:47:46 /home/d.mingers/opt/nest-gitclone/nestkernel/rng_manager.cpp:226 @ Network::create_rngs_] : Creating default RNGs
[INFO] [2016.9.6 21:47:46 /home/d.mingers/opt/nest-gitclone/nestkernel/rng_manager.cpp:221 @ Network::create_rngs_] : Deleting existing random number generators
[INFO] [2016.9.6 21:47:46 /home/d.mingers/opt/nest-gitclone/nestkernel/rng_manager.cpp:226 @ Network::create_rngs_] : Creating default RNGs
[INFO] [2016.9.6 21:47:46 /home/d.mingers/opt/nest-gitclone/nestkernel/rng_manager.cpp:272 @ Network::create_grng_] : Creating new default global RNG
[INFO] [2016.9.6 21:47:46 /home/d.mingers/opt/nest-gitclone/nestkernel/rng_manager.cpp:226 @ Network::create_rngs_] : Creating default RNGs
[INFO] [2016.9.6 21:47:46 /home/d.mingers/opt/nest-gitclone/nestkernel/rng_manager.cpp:221 @ Network::create_rngs_] : Deleting existing random number generators
[INFO] [2016.9.6 21:47:46 /home/d.mingers/opt/nest-gitclone/nestkernel/rng_manager.cpp:226 @ Network::create_rngs_] : Creating default RNGs
[INFO] [2016.9.6 21:47:46 /home/d.mingers/opt/nest-gitclone/nestkernel/rng_manager.cpp:272 @ Network::create_grng_] : Creating new default global RNG
[INFO] [2016.9.6 21:47:46 /home/d.mingers/opt/nest-gitclone/nestkernel/rng_manager.cpp:226 @ Network::create_rngs_] : Creating default RNGs
[INFO] [2016.9.6 21:47:46 /home/d.mingers/opt/nest-gitclone/nestkernel/rng_manager.cpp:221 @ Network::create_rngs_] : Deleting existing random number generators
[INFO] [2016.9.6 21:47:46 /home/d.mingers/opt/nest-gitclone/nestkernel/rng_manager.cpp:226 @ Network::create_rngs_] : Creating default RNGs
[INFO] [2016.9.6 21:47:46 /home/d.mingers/opt/nest-gitclone/nestkernel/rng_manager.cpp:272 @ Network::create_grng_] : Creating new default global RNG
[INFO] [2016.9.6 21:47:46 /home/d.mingers/opt/nest-gitclone/nestkernel/rng_manager.cpp:226 @ Network::create_rngs_] : Creating default RNGs
[INFO] [2016.9.6 21:47:46 /home/d.mingers/opt/nest-gitclone/nestkernel/rng_manager.cpp:221 @ Network::create_rngs_] : Deleting existing random number generators
[INFO] [2016.9.6 21:47:46 /home/d.mingers/opt/nest-gitclone/nestkernel/rng_manager.cpp:226 @ Network::create_rngs_] : Creating default RNGs
[INFO] [2016.9.6 21:47:46 /home/d.mingers/opt/nest-gitclone/nestkernel/rng_manager.cpp:272 @ Network::create_grng_] : Creating new default global RNG
[INFO] [2016.9.6 21:47:46 /home/d.mingers/opt/nest-gitclone/nestkernel/rng_manager.cpp:226 @ Network::create_rngs_] : Creating default RNGs
[INFO] [2016.9.6 21:47:46 /home/d.mingers/opt/nest-gitclone/nestkernel/rng_manager.cpp:221 @ Network::create_rngs_] : Deleting existing random number generators
[INFO] [2016.9.6 21:47:46 /home/d.mingers/opt/nest-gitclone/nestkernel/rng_manager.cpp:226 @ Network::create_rngs_] : Creating default RNGs
[INFO] [2016.9.6 21:47:46 /home/d.mingers/opt/nest-gitclone/nestkernel/rng_manager.cpp:272 @ Network::create_grng_] : Creating new default global RNG
[INFO] [2016.9.6 21:47:46 /home/d.mingers/opt/nest-gitclone/nestkernel/rng_manager.cpp:226 @ Network::create_rngs_] : Creating default RNGs
[INFO] [2016.9.6 21:47:46 /home/d.mingers/opt/nest-gitclone/nestkernel/rng_manager.cpp:221 @ Network::create_rngs_] : Deleting existing random number generators
[INFO] [2016.9.6 21:47:46 /home/d.mingers/opt/nest-gitclone/nestkernel/rng_manager.cpp:226 @ Network::create_rngs_] : Creating default RNGs
[INFO] [2016.9.6 21:47:46 /home/d.mingers/opt/nest-gitclone/nestkernel/rng_manager.cpp:272 @ Network::create_grng_] : Creating new default global RNG
[INFO] [2016.9.6 21:47:46 /home/d.mingers/opt/nest-gitclone/nestkernel/rng_manager.cpp:226 @ Network::create_rngs_] : Creating default RNGs
[INFO] [2016.9.6 21:47:46 /home/d.mingers/opt/nest-gitclone/nestkernel/rng_manager.cpp:221 @ Network::create_rngs_] : Deleting existing random number generators
[INFO] [2016.9.6 21:47:46 /home/d.mingers/opt/nest-gitclone/nestkernel/rng_manager.cpp:226 @ Network::create_rngs_] : Creating default RNGs
[INFO] [2016.9.6 21:47:46 /home/d.mingers/opt/nest-gitclone/nestkernel/rng_manager.cpp:272 @ Network::create_grng_] : Creating new default global RNG
[INFO] [2016.9.6 21:47:46 /home/d.mingers/opt/nest-gitclone/nestkernel/rng_manager.cpp:226 @ Network::create_rngs_] : Creating default RNGs
[INFO] [2016.9.6 21:47:46 /home/d.mingers/opt/nest-gitclone/nestkernel/rng_manager.cpp:221 @ Network::create_rngs_] : Deleting existing random number generators
[INFO] [2016.9.6 21:47:46 /home/d.mingers/opt/nest-gitclone/nestkernel/rng_manager.cpp:226 @ Network::create_rngs_] : Creating default RNGs
[INFO] [2016.9.6 21:47:46 /home/d.mingers/opt/nest-gitclone/nestkernel/rng_manager.cpp:272 @ Network::create_grng_] : Creating new default global RNG
[INFO] [2016.9.6 21:47:46 /home/d.mingers/opt/nest-gitclone/nestkernel/rng_manager.cpp:272 @ Network::create_grng_] : Creating new default global RNG
[INFO] [2016.9.6 21:47:46 /home/d.mingers/opt/nest-gitclone/nestkernel/rng_manager.cpp:226 @ Network::create_rngs_] : Creating default RNGs
[INFO] [2016.9.6 21:47:46 /home/d.mingers/opt/nest-gitclone/nestkernel/rng_manager.cpp:221 @ Network::create_rngs_] : Deleting existing random number generators
[INFO] [2016.9.6 21:47:46 /home/d.mingers/opt/nest-gitclone/nestkernel/rng_manager.cpp:226 @ Network::create_rngs_] : Creating default RNGs
[INFO] [2016.9.6 21:47:46 /home/d.mingers/opt/nest-gitclone/nestkernel/rng_manager.cpp:272 @ Network::create_grng_] : Creating new default global RNG
[INFO] [2016.9.6 21:47:46 /home/d.mingers/opt/nest-gitclone/nestkernel/rng_manager.cpp:226 @ Network::create_rngs_] : Creating default RNGs
[INFO] [2016.9.6 21:47:46 /home/d.mingers/opt/nest-gitclone/nestkernel/rng_manager.cpp:221 @ Network::create_rngs_] : Deleting existing random number generators
[INFO] [2016.9.6 21:47:46 /home/d.mingers/opt/nest-gitclone/nestkernel/rng_manager.cpp:226 @ Network::create_rngs_] : Creating default RNGs
[INFO] [2016.9.6 21:47:46 /home/d.mingers/opt/nest-gitclone/nestkernel/rng_manager.cpp:272 @ Network::create_grng_] : Creating new default global RNG

              -- N E S T --

  Copyright (C) 2004 The NEST Initiative
  Version 2.10.0 Aug  2 2016 12:28:30

This program is provided AS IS and comes with
NO WARRANTY. See the file LICENSE for details.

Problems or suggestions?
  Visit http://www.nest-simulator.org

Type 'nest.help()' to find out more about NEST.

              -- N E S T --

  Copyright (C) 2004 The NEST Initiative
  Version 2.10.0 Aug  2 2016 12:28:30

This program is provided AS IS and comes with
NO WARRANTY. See the file LICENSE for details.

Problems or suggestions?
  Visit http://www.nest-simulator.org

Type 'nest.help()' to find out more about NEST.

              -- N E S T --

  Copyright (C) 2004 The NEST Initiative
  Version 2.10.0 Aug  2 2016 12:28:30

This program is provided AS IS and comes with
NO WARRANTY. See the file LICENSE for details.

Problems or suggestions?
  Visit http://www.nest-simulator.org

Type 'nest.help()' to find out more about NEST.

              -- N E S T --

  Copyright (C) 2004 The NEST Initiative
  Version 2.10.0 Aug  2 2016 12:28:30

This program is provided AS IS and comes with
NO WARRANTY. See the file LICENSE for details.

Problems or suggestions?
  Visit http://www.nest-simulator.org

Type 'nest.help()' to find out more about NEST.

              -- N E S T --

  Copyright (C) 2004 The NEST Initiative
  Version 2.10.0 Aug  2 2016 12:28:30

This program is provided AS IS and comes with
NO WARRANTY. See the file LICENSE for details.

Problems or suggestions?
  Visit http://www.nest-simulator.org

Type 'nest.help()' to find out more about NEST.

              -- N E S T --

  Copyright (C) 2004 The NEST Initiative
  Version 2.10.0 Aug  2 2016 12:28:30

This program is provided AS IS and comes with
NO WARRANTY. See the file LICENSE for details.

Problems or suggestions?
  Visit http://www.nest-simulator.org

Type 'nest.help()' to find out more about NEST.

              -- N E S T --

  Copyright (C) 2004 The NEST Initiative
  Version 2.10.0 Aug  2 2016 12:28:30

This program is provided AS IS and comes with
NO WARRANTY. See the file LICENSE for details.

Problems or suggestions?
  Visit http://www.nest-simulator.org

Type 'nest.help()' to find out more about NEST.

              -- N E S T --

  Copyright (C) 2004 The NEST Initiative
  Version 2.10.0 Aug  2 2016 12:28:30

This program is provided AS IS and comes with
NO WARRANTY. See the file LICENSE for details.

Problems or suggestions?
  Visit http://www.nest-simulator.org

Type 'nest.help()' to find out more about NEST.

              -- N E S T --

  Copyright (C) 2004 The NEST Initiative
  Version 2.10.0 Aug  2 2016 12:28:30

This program is provided AS IS and comes with
NO WARRANTY. See the file LICENSE for details.

Problems or suggestions?
  Visit http://www.nest-simulator.org

Type 'nest.help()' to find out more about NEST.

              -- N E S T --

  Copyright (C) 2004 The NEST Initiative
  Version 2.10.0 Aug  2 2016 12:28:30

This program is provided AS IS and comes with
NO WARRANTY. See the file LICENSE for details.

Problems or suggestions?
  Visit http://www.nest-simulator.org

Type 'nest.help()' to find out more about NEST.

              -- N E S T --

  Copyright (C) 2004 The NEST Initiative
  Version 2.10.0 Aug  2 2016 12:28:30

This program is provided AS IS and comes with
NO WARRANTY. See the file LICENSE for details.

Problems or suggestions?
  Visit http://www.nest-simulator.org

Type 'nest.help()' to find out more about NEST.

              -- N E S T --

  Copyright (C) 2004 The NEST Initiative
  Version 2.10.0 Aug  2 2016 12:28:30

This program is provided AS IS and comes with
NO WARRANTY. See the file LICENSE for details.

Problems or suggestions?
  Visit http://www.nest-simulator.org

Type 'nest.help()' to find out more about NEST.

              -- N E S T --

  Copyright (C) 2004 The NEST Initiative
  Version 2.10.0 Aug  2 2016 12:28:30

This program is provided AS IS and comes with
NO WARRANTY. See the file LICENSE for details.

Problems or suggestions?

              -- N E S T --

  Copyright (C) 2004 The NEST Initiative
  Version 2.10.0 Aug  2 2016 12:28:30

This program is provided AS IS and comes with
NO WARRANTY. See the file LICENSE for details.

Problems or suggestions?
  Visit http://www.nest-simulator.org

Type 'nest.help()' to find out more about NEST.
  Visit http://www.nest-simulator.org

Type 'nest.help()' to find out more about NEST.

              -- N E S T --

  Copyright (C) 2004 The NEST Initiative
  Version 2.10.0 Aug  2 2016 12:28:30

This program is provided AS IS and comes with
NO WARRANTY. See the file LICENSE for details.

Problems or suggestions?
  Visit http://www.nest-simulator.org

Type 'nest.help()' to find out more about NEST.

              -- N E S T --

  Copyright (C) 2004 The NEST Initiative
  Version 2.10.0 Aug  2 2016 12:28:30

This program is provided AS IS and comes with
NO WARRANTY. See the file LICENSE for details.

Problems or suggestions?
  Visit http://www.nest-simulator.org

Type 'nest.help()' to find out more about NEST.

              -- N E S T --

  Copyright (C) 2004 The NEST Initiative
  Version 2.10.0 Aug  2 2016 12:28:30

This program is provided AS IS and comes with
NO WARRANTY. See the file LICENSE for details.

Problems or suggestions?
  Visit http://www.nest-simulator.org

Type 'nest.help()' to find out more about NEST.

              -- N E S T --

  Copyright (C) 2004 The NEST Initiative
  Version 2.10.0 Aug  2 2016 12:28:30

This program is provided AS IS and comes with
NO WARRANTY. See the file LICENSE for details.

Problems or suggestions?
  Visit http://www.nest-simulator.org


              -- N E S T --

  Copyright (C) 2004 The NEST Initiative
  Version 2.10.0 Aug  2 2016 12:28:30

This program is provided AS IS and comes with
NO WARRANTY. See the file LICENSE for details.

Problems or suggestions?
  Visit http://www.nest-simulator.org

Type 'nest.help()' to find out more about NEST.
Type 'nest.help()' to find out more about NEST.

              -- N E S T --

  Copyright (C) 2004 The NEST Initiative
  Version 2.10.0 Aug  2 2016 12:28:30

This program is provided AS IS and comes with
NO WARRANTY. See the file LICENSE for details.

Problems or suggestions?
  Visit http://www.nest-simulator.org

Type 'nest.help()' to find out more about NEST.

              -- N E S T --

  Copyright (C) 2004 The NEST Initiative
  Version 2.10.0 Aug  2 2016 12:28:30

This program is provided AS IS and comes with
NO WARRANTY. See the file LICENSE for details.

Problems or suggestions?
  Visit http://www.nest-simulator.org

Type 'nest.help()' to find out more about NEST.

              -- N E S T --

  Copyright (C) 2004 The NEST Initiative
  Version 2.10.0 Aug  2 2016 12:28:30

This program is provided AS IS and comes with
NO WARRANTY. See the file LICENSE for details.

Problems or suggestions?

              -- N E S T --

  Copyright (C) 2004 The NEST Initiative
  Version 2.10.0 Aug  2 2016 12:28:30

This program is provided AS IS and comes with
NO WARRANTY. See the file LICENSE for details.

Problems or suggestions?
  Visit http://www.nest-simulator.org

Type 'nest.help()' to find out more about NEST.
  Visit http://www.nest-simulator.org

Type 'nest.help()' to find out more about NEST.

              -- N E S T --

  Copyright (C) 2004 The NEST Initiative
  Version 2.10.0 Aug  2 2016 12:28:30

This program is provided AS IS and comes with
NO WARRANTY. See the file LICENSE for details.

Problems or suggestions?
  Visit http://www.nest-simulator.org

Type 'nest.help()' to find out more about NEST.

              -- N E S T --

  Copyright (C) 2004 The NEST Initiative
  Version 2.10.0 Aug  2 2016 12:28:30

This program is provided AS IS and comes with
NO WARRANTY. See the file LICENSE for details.

Problems or suggestions?
  Visit http://www.nest-simulator.org

Type 'nest.help()' to find out more about NEST.

              -- N E S T --

  Copyright (C) 2004 The NEST Initiative
  Version 2.10.0 Aug  2 2016 12:28:30

This program is provided AS IS and comes with
NO WARRANTY. See the file LICENSE for details.

Problems or suggestions?
  Visit http://www.nest-simulator.org

Type 'nest.help()' to find out more about NEST.

              -- N E S T --

  Copyright (C) 2004 The NEST Initiative
  Version 2.10.0 Aug  2 2016 12:28:30

This program is provided AS IS and comes with
NO WARRANTY. See the file LICENSE for details.

Problems or suggestions?
  Visit http://www.nest-simulator.org

Type 'nest.help()' to find out more about NEST.

              -- N E S T --

  Copyright (C) 2004 The NEST Initiative
  Version 2.10.0 Aug  2 2016 12:28:30

This program is provided AS IS and comes with
NO WARRANTY. See the file LICENSE for details.

Problems or suggestions?
  Visit http://www.nest-simulator.org

Type 'nest.help()' to find out more about NEST.

              -- N E S T --

  Copyright (C) 2004 The NEST Initiative
  Version 2.10.0 Aug  2 2016 12:28:30

This program is provided AS IS and comes with
NO WARRANTY. See the file LICENSE for details.

Problems or suggestions?
  Visit http://www.nest-simulator.org

Type 'nest.help()' to find out more about NEST.

              -- N E S T --

  Copyright (C) 2004 The NEST Initiative
  Version 2.10.0 Aug  2 2016 12:28:30

This program is provided AS IS and comes with
NO WARRANTY. See the file LICENSE for details.

Problems or suggestions?
  Visit http://www.nest-simulator.org

Type 'nest.help()' to find out more about NEST.

              -- N E S T --

  Copyright (C) 2004 The NEST Initiative
  Version 2.10.0 Aug  2 2016 12:28:30

This program is provided AS IS and comes with
NO WARRANTY. See the file LICENSE for details.

Problems or suggestions?
  Visit http://www.nest-simulator.org

Type 'nest.help()' to find out more about NEST.

              -- N E S T --

  Copyright (C) 2004 The NEST Initiative
  Version 2.10.0 Aug  2 2016 12:28:30

This program is provided AS IS and comes with
NO WARRANTY. See the file LICENSE for details.

Problems or suggestions?
  Visit http://www.nest-simulator.org

Type 'nest.help()' to find out more about NEST.

              -- N E S T --

  Copyright (C) 2004 The NEST Initiative
  Version 2.10.0 Aug  2 2016 12:28:30

This program is provided AS IS and comes with
NO WARRANTY. See the file LICENSE for details.

Problems or suggestions?
  Visit http://www.nest-simulator.org

Type 'nest.help()' to find out more about NEST.

              -- N E S T --

  Copyright (C) 2004 The NEST Initiative
  Version 2.10.0 Aug  2 2016 12:28:30

This program is provided AS IS and comes with
NO WARRANTY. See the file LICENSE for details.

Problems or suggestions?
  Visit http://www.nest-simulator.org

Type 'nest.help()' to find out more about NEST.

              -- N E S T --

  Copyright (C) 2004 The NEST Initiative
  Version 2.10.0 Aug  2 2016 12:28:30

This program is provided AS IS and comes with
NO WARRANTY. See the file LICENSE for details.

Problems or suggestions?
  Visit http://www.nest-simulator.org

Type 'nest.help()' to find out more about NEST.

              -- N E S T --

  Copyright (C) 2004 The NEST Initiative
  Version 2.10.0 Aug  2 2016 12:28:30

This program is provided AS IS and comes with
NO WARRANTY. See the file LICENSE for details.

Problems or suggestions?
  Visit http://www.nest-simulator.org

Type 'nest.help()' to find out more about NEST.

              -- N E S T --

  Copyright (C) 2004 The NEST Initiative
  Version 2.10.0 Aug  2 2016 12:28:30

This program is provided AS IS and comes with
NO WARRANTY. See the file LICENSE for details.

              -- N E S T --

  Copyright (C) 2004 The NEST Initiative
  Version 2.10.0 Aug  2 2016 12:28:30

This program is provided AS IS and comes with
NO WARRANTY. See the file LICENSE for details.

Problems or suggestions?
  Visit http://www.nest-simulator.org

Type 'nest.help()' to find out more about NEST.

              -- N E S T --

  Copyright (C) 2004 The NEST Initiative
  Version 2.10.0 Aug  2 2016 12:28:30

This program is provided AS IS and comes with
NO WARRANTY. See the file LICENSE for details.


              -- N E S T --

  Copyright (C) 2004 The NEST Initiative
  Version 2.10.0 Aug  2 2016 12:28:30

This program is provided AS IS and comes with
NO WARRANTY. See the file LICENSE for details.

Problems or suggestions?
  Visit http://www.nest-simulator.org

Type 'nest.help()' to find out more about NEST.

Problems or suggestions?
  Visit http://www.nest-simulator.org

Type 'nest.help()' to find out more about NEST.
Problems or suggestions?
  Visit http://www.nest-simulator.org

Type 'nest.help()' to find out more about NEST.

              -- N E S T --

  Copyright (C) 2004 The NEST Initiative
  Version 2.10.0 Aug  2 2016 12:28:30

This program is provided AS IS and comes with
NO WARRANTY. See the file LICENSE for details.

Problems or suggestions?
  Visit http://www.nest-simulator.org

Type 'nest.help()' to find out more about NEST.

              -- N E S T --

  Copyright (C) 2004 The NEST Initiative
  Version 2.10.0 Aug  2 2016 12:28:30

This program is provided AS IS and comes with
NO WARRANTY. See the file LICENSE for details.

Problems or suggestions?
  Visit http://www.nest-simulator.org

Type 'nest.help()' to find out more about NEST.

              -- N E S T --

  Copyright (C) 2004 The NEST Initiative
  Version 2.10.0 Aug  2 2016 12:28:30

This program is provided AS IS and comes with
NO WARRANTY. See the file LICENSE for details.

Problems or suggestions?
  Visit http://www.nest-simulator.org

Type 'nest.help()' to find out more about NEST.

              -- N E S T --

  Copyright (C) 2004 The NEST Initiative
  Version 2.10.0 Aug  2 2016 12:28:30

This program is provided AS IS and comes with
NO WARRANTY. See the file LICENSE for details.

Problems or suggestions?
  Visit http://www.nest-simulator.org

Type 'nest.help()' to find out more about NEST.

              -- N E S T --

  Copyright (C) 2004 The NEST Initiative
  Version 2.10.0 Aug  2 2016 12:28:30

This program is provided AS IS and comes with
NO WARRANTY. See the file LICENSE for details.

Problems or suggestions?
  Visit http://www.nest-simulator.org

Type 'nest.help()' to find out more about NEST.

              -- N E S T --

  Copyright (C) 2004 The NEST Initiative

              -- N E S T --

  Copyright (C) 2004 The NEST Initiative
  Version 2.10.0 Aug  2 2016 12:28:30

This program is provided AS IS and comes with
NO WARRANTY. See the file LICENSE for details.

Problems or suggestions?
  Visit http://www.nest-simulator.org

Type 'nest.help()' to find out more about NEST.

              -- N E S T --

  Copyright (C) 2004 The NEST Initiative
  Version 2.10.0 Aug  2 2016 12:28:30

This program is provided AS IS and comes with
NO WARRANTY. See the file LICENSE for details.

Problems or suggestions?
  Visit http://www.nest-simulator.org

Type 'nest.help()' to find out more about NEST.
  Version 2.10.0 Aug  2 2016 12:28:30

This program is provided AS IS and comes with
NO WARRANTY. See the file LICENSE for details.

Problems or suggestions?
  Visit http://www.nest-simulator.org

Type 'nest.help()' to find out more about NEST.
ext rate: 2.0, connection probability: 0.1
ext rate: 2.0, connection probability: 0.1
ext rate: 2.0, connection probability: 0.1
ext rate: 2.0, connection probability: 0.1
ext rate: 2.0, connection probability: 0.1
ext rate: 2.0, connection probability: 0.1
ext rate: 2.0, connection probability: 0.1
ext rate: 2.0, connection probability: 0.1
ext rate: 2.0, connection probability: 0.1
ext rate: 2.0, connection probability: 0.1
ext rate: 2.0, connection probability: 0.1
ext rate: 2.0, connection probability: 0.1
ext rate: 2.0, connection probability: 0.1
ext rate: 2.0, connection probability: 0.1
ext rate: 2.0, connection probability: 0.1
ext rate: 2.0, connection probability: 0.1
ext rate: 2.0, connection probability: 0.1
ext rate: 2.0, connection probability: 0.1
ext rate: 2.0, connection probability: 0.1
ext rate: 2.0, connection probability: 0.1
ext rate: 2.0, connection probability: 0.1
ext rate: 2.0, connection probability: 0.1
ext rate: 2.0, connection probability: 0.1
ext rate: 2.0, connection probability: 0.1
ext rate: 2.0, connection probability: 0.1
ext rate: 2.0, connection probability: 0.1
ext rate: 2.0, connection probability: 0.1
ext rate: 2.0, connection probability: 0.1
ext rate: 2.0, connection probability: 0.1
ext rate: 2.0, connection probability: 0.1
ext rate: 2.0, connection probability: 0.1
ext rate: 2.0, connection probability: 0.1
ext rate: 2.0, connection probability: 0.1
ext rate: 2.0, connection probability: 0.1
ext rate: 2.0, connection probability: 0.1
ext rate: 2.0, connection probability: 0.1
ext rate: 2.0, connection probability: 0.1
ext rate: 2.0, connection probability: 0.1
ext rate: 2.0, connection probability: 0.1
ext rate: 2.0, connection probability: 0.1
ext rate: 2.0, connection probability: 0.1
ext rate: 2.0, connection probability: 0.1
ext rate: 2.0, connection probability: 0.1
ext rate: 2.0, connection probability: 0.1
ext rate: 2.0, connection probability: 0.1
ext rate: 2.0, connection probability: 0.1
ext rate: 2.0, connection probability: 0.1
ext rate: 2.0, connection probability: 0.1
-------------------------------------------------------
Primary job  terminated normally, but 1 process returned
a non-zero exit code.. Per user-direction, the job has been aborted.
-------------------------------------------------------
--------------------------------------------------------------------------
mpirun detected that one or more processes exited with non-zero status, thus causing
the job to be terminated. The first process to do so was:

  Process name: [[41351,1],16]
  Exit code:    1
--------------------------------------------------------------------------
Brunel network simulation (Python)
Brunel network simulation (Python)
Number of neurons : 12500
Number of synapses: 275
       Exitatory  : 6262500
       Resonator  : 6262500
       Inhibitory : 3125000
Excitatory rate   : 0.19 Hz
Resonating rate   : 0.00 Hz
Inhibitory rate   : 0.20 Hz
Building time     : 0.21 s
Simulation time   : 143.14 s
Brunel network simulation (Python)
Number of neurons : 12500
Number of synapses: 273
       Exitatory  : 6262500
       Resonator  : 6262500
       Inhibitory : 3125000
Excitatory rate   : 0.17 Hz
Resonating rate   : 0.00 Hz
Inhibitory rate   : 0.15 Hz
Building time     : 0.14 s
Simulation time   : 143.40 s
Brunel network simulation (Python)
Number of neurons : 12500
Number of synapses: 274
       Exitatory  : 6262500
       Resonator  : 6262500
       Inhibitory : 3125000
Excitatory rate   : 0.21 Hz
Resonating rate   : 0.00 Hz
Inhibitory rate   : 0.15 Hz
Building time     : 0.16 s
Simulation time   : 140.89 s
Brunel network simulation (Python)
Number of neurons : 12500
Number of synapses: 272
       Exitatory  : 6262500
       Resonator  : 6262500
       Inhibitory : 3125000
Excitatory rate   : 0.17 Hz
Resonating rate   : 0.00 Hz
Inhibitory rate   : 0.17 Hz
Building time     : 0.44 s
Simulation time   : 140.34 s
Brunel network simulation (Python)
Number of neurons : 12500
Number of synapses: 274
       Exitatory  : 6262500
       Resonator  : 6262500
       Inhibitory : 3125000
Excitatory rate   : 0.23 Hz
Resonating rate   : 0.00 Hz
Inhibitory rate   : 0.17 Hz
Building time     : 0.43 s
Simulation time   : 139.96 s
Brunel network simulation (Python)
Number of neurons : 12500
Number of synapses: 271
       Exitatory  : 6262500
       Resonator  : 6262500
       Inhibitory : 3125000
Excitatory rate   : 0.19 Hz
Resonating rate   : 0.00 Hz
Inhibitory rate   : 0.14 Hz
Building time     : 0.32 s
Simulation time   : 140.34 s
Brunel network simulation (Python)
Number of neurons : 12500
Number of synapses: 274
       Exitatory  : 6262500
       Resonator  : 6262500
       Inhibitory : 3125000
Excitatory rate   : 0.27 Hz
Resonating rate   : 0.00 Hz
Inhibitory rate   : 0.17 Hz
Building time     : 0.53 s
Simulation time   : 140.05 s
Brunel network simulation (Python)
Number of neurons : 12500
Number of synapses: 272
       Exitatory  : 6262500
       Resonator  : 6262500
       Inhibitory : 3125000
Excitatory rate   : 0.17 Hz
Resonating rate   : 0.00 Hz
Inhibitory rate   : 0.14 Hz
Building time     : 0.52 s
Simulation time   : 139.80 s
Brunel network simulation (Python)
Number of neurons : 12500
Number of synapses: 273
       Exitatory  : 6262500
       Resonator  : 6262500
       Inhibitory : 3125000
Excitatory rate   : 0.16 Hz
Resonating rate   : 0.00 Hz
Inhibitory rate   : 0.16 Hz
Building time     : 0.13 s
Simulation time   : 145.50 s
Brunel network simulation (Python)
Number of neurons : 12500
Number of synapses: 273
       Exitatory  : 6262500
       Resonator  : 6262500
       Inhibitory : 3125000
Excitatory rate   : 0.18 Hz
Resonating rate   : 0.00 Hz
Inhibitory rate   : 0.16 Hz
Building time     : 0.15 s
Simulation time   : 145.07 s
Brunel network simulation (Python)
Number of neurons : 12500
Number of synapses: 272
       Exitatory  : 6262500
       Resonator  : 6262500
       Inhibitory : 3125000
Excitatory rate   : 0.19 Hz
Resonating rate   : 0.00 Hz
Inhibitory rate   : 0.17 Hz
Building time     : 0.52 s
Simulation time   : 139.97 s
Brunel network simulation (Python)
Number of neurons : 12500
Number of synapses: 275
       Exitatory  : 6262500
       Resonator  : 6262500
       Inhibitory : 3125000
Excitatory rate   : 0.17 Hz
Resonating rate   : 0.00 Hz
Inhibitory rate   : 0.16 Hz
Building time     : 0.25 s
Simulation time   : 140.57 s
Brunel network simulation (Python)
Brunel network simulation (Python)
Number of neurons : 12500
Number of synapses: 272
       Exitatory  : 6262500
       Resonator  : 6262500
       Inhibitory : 3125000
Excitatory rate   : 0.19 Hz
Resonating rate   : 0.00 Hz
Inhibitory rate   : 0.15 Hz
Building time     : 0.20 s
Simulation time   : 144.79 s
Brunel network simulation (Python)
Number of neurons : 12500
Number of synapses: 272
       Exitatory  : 6262500
       Resonator  : 6262500
       Inhibitory : 3125000
Excitatory rate   : 0.17 Hz
Resonating rate   : 0.00 Hz
Inhibitory rate   : 0.16 Hz
Building time     : 0.53 s
Simulation time   : 139.86 s
Number of neurons : 12500
Number of synapses: 272
       Exitatory  : 6262500
       Resonator  : 6262500
       Inhibitory : 3125000
Excitatory rate   : 0.19 Hz
Resonating rate   : 0.00 Hz
Inhibitory rate   : 0.15 Hz
Building time     : 0.16 s
Simulation time   : 144.74 s
Brunel network simulation (Python)
Number of neurons : 12500
Number of synapses: 272
       Exitatory  : 6262500
       Resonator  : 6262500
       Inhibitory : 3125000
Excitatory rate   : 0.16 Hz
Resonating rate   : 0.00 Hz
Inhibitory rate   : 0.17 Hz
Building time     : 0.13 s
Simulation time   : 145.47 s
Brunel network simulation (Python)
Number of neurons : 12500
Number of synapses: 272
       Exitatory  : 6262500
       Resonator  : 6262500
       Inhibitory : 3125000
Excitatory rate   : 0.18 Hz
Resonating rate   : 0.00 Hz
Inhibitory rate   : 0.17 Hz
Building time     : 0.16 s
Simulation time   : 143.34 s
Brunel network simulation (Python)
Number of neurons : 12500
Number of synapses: 272
       Exitatory  : 6262500
       Resonator  : 6262500
       Inhibitory : 3125000
Excitatory rate   : 0.17 Hz
Resonating rate   : 0.00 Hz
Inhibitory rate   : 0.19 Hz
Building time     : 0.14 s
Simulation time   : 143.42 s
Brunel network simulation (Python)
Number of neurons : 12500
Number of synapses: 273
       Exitatory  : 6262500
       Resonator  : 6262500
       Inhibitory : 3125000
Excitatory rate   : 0.18 Hz
Resonating rate   : 0.00 Hz
Inhibitory rate   : 0.23 Hz
Building time     : 0.59 s
Simulation time   : 139.75 s
Brunel network simulation (Python)
Number of neurons : 12500
Number of synapses: 272
       Exitatory  : 6262500
       Resonator  : 6262500
       Inhibitory : 3125000
Excitatory rate   : 0.18 Hz
Resonating rate   : 0.00 Hz
Inhibitory rate   : 0.13 Hz
Building time     : 0.60 s
Simulation time   : 139.79 s
Brunel network simulation (Python)
Number of neurons : 12500
Number of synapses: 275
       Exitatory  : 6262500
       Resonator  : 6262500
       Inhibitory : 3125000
Excitatory rate   : 0.20 Hz
Resonating rate   : 0.00 Hz
Inhibitory rate   : 0.22 Hz
Building time     : 0.57 s
Simulation time   : 139.82 s
Brunel network simulation (Python)
Number of neurons : 12500
Number of synapses: 274
       Exitatory  : 6262500
       Resonator  : 6262500
       Inhibitory : 3125000
Excitatory rate   : 0.20 Hz
Resonating rate   : 0.00 Hz
Inhibitory rate   : 0.19 Hz
Building time     : 0.16 s
Simulation time   : 142.27 s
Brunel network simulation (Python)
Number of neurons : 12500
Number of synapses: 272
       Exitatory  : 6262500
       Resonator  : 6262500
       Inhibitory : 3125000
Excitatory rate   : 0.18 Hz
Resonating rate   : 0.00 Hz
Inhibitory rate   : 0.15 Hz
Building time     : 0.49 s
Simulation time   : 140.04 s
Brunel network simulation (Python)
Number of neurons : 12500
Number of synapses: 273
       Exitatory  : 6262500
       Resonator  : 6262500
       Inhibitory : 3125000
Excitatory rate   : 0.15 Hz
Resonating rate   : 0.00 Hz
Inhibitory rate   : 0.22 Hz
Building time     : 0.22 s
Simulation time   : 143.23 s
Brunel network simulation (Python)
Number of neurons : 12500
Number of synapses: 272
       Exitatory  : 6262500
       Resonator  : 6262500
       Inhibitory : 3125000
Excitatory rate   : 0.19 Hz
Resonating rate   : 0.00 Hz
Inhibitory rate   : 0.16 Hz
Building time     : 0.15 s
Simulation time   : 141.36 s
Brunel network simulation (Python)
Number of neurons : 12500
Number of synapses: 272
       Exitatory  : 6262500
       Resonator  : 6262500
       Inhibitory : 3125000
Excitatory rate   : 0.17 Hz
Resonating rate   : 0.00 Hz
Inhibitory rate   : 0.18 Hz
Building time     : 0.17 s
Simulation time   : 143.16 s
Brunel network simulation (Python)
Number of neurons : 12500
Number of synapses: 274
       Exitatory  : 6262500
       Resonator  : 6262500
       Inhibitory : 3125000
Excitatory rate   : 0.24 Hz
Resonating rate   : 0.00 Hz
Inhibitory rate   : 0.18 Hz
Building time     : 0.17 s
Simulation time   : 141.84 s
Brunel network simulation (Python)
Number of neurons : 12500
Number of synapses: 271
       Exitatory  : 6262500
       Resonator  : 6262500
       Inhibitory : 3125000
Excitatory rate   : 0.16 Hz
Resonating rate   : 0.00 Hz
Inhibitory rate   : 0.17 Hz
Building time     : 0.21 s
Simulation time   : 140.64 s
Brunel network simulation (Python)
Number of neurons : 12500
Number of synapses: 272
       Exitatory  : 6262500
       Resonator  : 6262500
       Inhibitory : 3125000
Excitatory rate   : 0.19 Hz
Resonating rate   : 0.00 Hz
Inhibitory rate   : 0.16 Hz
Building time     : 0.20 s
Simulation time   : 141.04 s
Brunel network simulation (Python)
Number of neurons : 12500
Number of synapses: 274
       Exitatory  : 6262500
       Resonator  : 6262500
       Inhibitory : 3125000
Excitatory rate   : 0.20 Hz
Resonating rate   : 0.00 Hz
Inhibitory rate   : 0.16 Hz
Building time     : 0.17 s
Simulation time   : 144.99 s
Brunel network simulation (Python)
Number of neurons : 12500
Number of synapses: 275
       Exitatory  : 6262500
       Resonator  : 6262500
       Inhibitory : 3125000
Excitatory rate   : 0.18 Hz
Resonating rate   : 0.00 Hz
Inhibitory rate   : 0.15 Hz
Building time     : 0.16 s
Simulation time   : 143.32 s
Brunel network simulation (Python)
Brunel network simulation (Python)
Number of neurons : 12500
Number of synapses: 272
       Exitatory  : 6262500
       Resonator  : 6262500
       Inhibitory : 3125000
Excitatory rate   : 0.18 Hz
Resonating rate   : 0.00 Hz
Inhibitory rate   : 0.16 Hz
Building time     : 0.19 s
Simulation time   : 145.26 s
Brunel network simulation (Python)
Number of neurons : 12500
Number of synapses: 275
       Exitatory  : 6262500
       Resonator  : 6262500
       Inhibitory : 3125000
Excitatory rate   : 0.18 Hz
Resonating rate   : 0.00 Hz
Inhibitory rate   : 0.16 Hz
Building time     : 0.55 s
Simulation time   : 139.93 s
Brunel network simulation (Python)
Number of neurons : 12500
Number of synapses: 275
       Exitatory  : 6262500
       Resonator  : 6262500
       Inhibitory : 3125000
Excitatory rate   : 0.18 Hz
Resonating rate   : 0.00 Hz
Inhibitory rate   : 0.14 Hz
Building time     : 0.26 s
Simulation time   : 140.59 s
Brunel network simulation (Python)
Number of neurons : 12500
Number of synapses: 274
       Exitatory  : 6262500
       Resonator  : 6262500
       Inhibitory : 3125000
Excitatory rate   : 0.23 Hz
Resonating rate   : 0.00 Hz
Inhibitory rate   : 0.17 Hz
Building time     : 0.18 s
Simulation time   : 141.46 s
Brunel network simulation (Python)
Number of neurons : 12500
Number of synapses: 272
       Exitatory  : 6262500
       Resonator  : 6262500
       Inhibitory : 3125000
Excitatory rate   : 0.18 Hz
Resonating rate   : 0.00 Hz
Inhibitory rate   : 0.19 Hz
Building time     : 0.51 s
Simulation time   : 139.96 s
Brunel network simulation (Python)
Number of neurons : 12500
Number of synapses: 275
       Exitatory  : 6262500
       Resonator  : 6262500
       Inhibitory : 3125000
Excitatory rate   : 0.18 Hz
Resonating rate   : 0.00 Hz
Inhibitory rate   : 0.22 Hz
Building time     : 0.18 s
Simulation time   : 141.20 s
Brunel network simulation (Python)
Number of neurons : 12500
Number of synapses: 272
       Exitatory  : 6262500
       Resonator  : 6262500
       Inhibitory : 3125000
Excitatory rate   : 0.18 Hz
Resonating rate   : 0.00 Hz
Inhibitory rate   : 0.15 Hz
Building time     : 0.59 s
Simulation time   : 139.76 s
Brunel network simulation (Python)
Number of neurons : 12500
Number of synapses: 274
       Exitatory  : 6262500
       Resonator  : 6262500
       Inhibitory : 3125000
Excitatory rate   : 0.21 Hz
Resonating rate   : 0.00 Hz
Inhibitory rate   : 0.16 Hz
Building time     : 0.51 s
Simulation time   : 139.82 s
Brunel network simulation (Python)
Number of neurons : 12500
Number of synapses: 272
       Exitatory  : 6262500
       Resonator  : 6262500
       Inhibitory : 3125000
Excitatory rate   : 0.18 Hz
Resonating rate   : 0.00 Hz
Inhibitory rate   : 0.16 Hz
Building time     : 0.14 s
Simulation time   : 141.84 s
Brunel network simulation (Python)
Number of neurons : 12500
Number of synapses: 273
       Exitatory  : 6262500
       Resonator  : 6262500
       Inhibitory : 3125000
Excitatory rate   : 0.18 Hz
Resonating rate   : 0.00 Hz
Inhibitory rate   : 0.16 Hz
Building time     : 0.12 s
Simulation time   : 145.25 s
Brunel network simulation (Python)
Number of neurons : 12500
Number of synapses: 272
       Exitatory  : 6262500
       Resonator  : 6262500
       Inhibitory : 3125000
Excitatory rate   : 0.21 Hz
Resonating rate   : 0.00 Hz
Inhibitory rate   : 0.16 Hz
Building time     : 0.35 s
Simulation time   : 140.39 s
Brunel network simulation (Python)
Number of neurons : 12500
Number of synapses: 275
       Exitatory  : 6262500
       Resonator  : 6262500
       Inhibitory : 3125000
Excitatory rate   : 0.16 Hz
Resonating rate   : 0.00 Hz
Inhibitory rate   : 0.22 Hz
Building time     : 0.17 s
Simulation time   : 143.26 s
Number of neurons : 12500
Number of synapses: 272
       Exitatory  : 6262500
       Resonator  : 6262500
       Inhibitory : 3125000
Excitatory rate   : 0.19 Hz
Resonating rate   : 0.00 Hz
Inhibitory rate   : 0.16 Hz
Building time     : 0.49 s
Simulation time   : 140.14 s
Brunel network simulation (Python)
Number of neurons : 12500
Number of synapses: 272
       Exitatory  : 6262500
       Resonator  : 6262500
       Inhibitory : 3125000
Excitatory rate   : 0.16 Hz
Resonating rate   : 0.00 Hz
Inhibitory rate   : 0.17 Hz
Building time     : 0.19 s
Simulation time   : 144.99 s
Number of neurons : 12500
Number of synapses: 272
       Exitatory  : 6262500
       Resonator  : 6262500
       Inhibitory : 3125000
Excitatory rate   : 0.17 Hz
Resonating rate   : 0.00 Hz
Inhibitory rate   : 0.15 Hz
Building time     : 0.15 s
Simulation time   : 141.52 s
Brunel network simulation (Python)
Number of neurons : 12500
Number of synapses: 272
       Exitatory  : 6262500
       Resonator  : 6262500
       Inhibitory : 3125000
Excitatory rate   : 0.17 Hz
Resonating rate   : 0.00 Hz
Inhibitory rate   : 0.18 Hz
Building time     : 0.13 s
Simulation time   : 142.69 s
Brunel network simulation (Python)
Number of neurons : 12500
Number of synapses: 272
       Exitatory  : 6262500
       Resonator  : 6262500
       Inhibitory : 3125000
Excitatory rate   : 0.20 Hz
Resonating rate   : 0.00 Hz
Inhibitory rate   : 0.15 Hz
Building time     : 0.20 s
Simulation time   : 140.93 s
