[INFO] [2016.9.27 19:40:9 /home/d.mingers/opt/nest-gitclone/nestkernel/rng_manager.cpp:226 @ Network::create_rngs_] : Creating default RNGs
[INFO] [2016.9.27 19:40:9 /home/d.mingers/opt/nest-gitclone/nestkernel/rng_manager.cpp:226 @ Network::create_rngs_] : Creating default RNGs
om number generators
[INFO] [2016.9.27 19:40:7 /home/d.mingers/opt/nest-gitclone/nestkernel/rng_manager.cpp:226 @ Network::create_rngs_] : Creating default RNGs

[INFO] [2016.9.27 19:40:11 /home/d.mingers/opt/nest-gitclone/nestkernel/rng_manager.cpp:226 @ Network::create_rngs_] : Creating default RNGs
[INFO] [2016.9.27 19:40:9 /home/d.mingers/opt/nest-gitclone/nestkernel/rng_manager.cpp:226 @ Network::create_rngs_] : Creating default RNGs
[INFO] [2016.9.27 19:40:7 /home/d.mingers/opt/nest-gitclone/nestkernel/rng_manager.cpp:221 @ Network::create_rngs_] : Deleting existing random number generators
[INFO] [2016.9.27 19:40:9 /home/d.mingers/opt/nest-gitclone/nestkernel/rng_manager.cpp:272 @ Network::create_grng_] : Creating new default g[INFO] [20[INFO] [2016.9.27 19:40:9 /home/d.mingers/opt/nest-gitclone/nestkernel/rng_manager.cpp:272 @ Network::create_grng_] : Creating new default global RNG
[INFO] [2016.9.27 19:40:7 /home/d.mingers/opt/nest-gitclone/nestkernel/rng_manager.cpp:272 @ Network::create_grng_] : Creating new default global RNG
[INFO] [2016.9.27 19:40:16 /home/d.mingers/opt/nest-gitclone/nestkernel/rng_manager.cpp:226 @ Network::create_rngs_] : Creating default RNGs
[INFO] [2016.9.27 19:40:7 /home/d.mingers/opt/nest-gitclone/nestkernel/rng_manager.cpp:221 @ Network::create_rngs_] : Deleting existing random number generators

[INFO] [2016.9.27 19:40:7 /home/d.mingers/opt/nest-gitclone/nestkernel/rng_manager.cpp:226 @ Network::create_rngs_] : Creating default RNGs

[INFO] [2016.9.27 19:40:7 /home/d.mingers/opt/nest-gitclone/nestkernel/rng_manager.cpp:272 @ Network::create_grng_] : Creating new default global RNG

[INFO] [2016.9.27 19:40:11 /home/d.mingers/opt/nest-gitclone/nestkernel/rng_manager.cpp:221 @ Network::create_rngs_] : Deleting existing random number generators
[INFO] [2016.9.27 19:40:11 /home/d.mingers/opt/nest-gitclone/nestkernel/rng_manager.cpp:226 @ Network::create_rngs_] : Creating default RNGs
[INFO] [2016.9.27 19:40:11 /home/d.mingers/opt/nest-gitclone/nestkernel/rng_manager.cpp:272 @ Network::create_grng_] : Creating new default global RNG
[INFO] [2016.9.27 19:40:9 /home/d.mingers/opt/nest-gitclone/nestkernel/rng_manager.cpp:221 @ Network::create_rngs_] : Deleting existing random number generators
[INFO] [2016.9.27 19:40:9 /home/d.mingers/opt/nest-gitclone/nestkernel/rng_manager.cpp:226 @ Network::create_rngs_] : Creating default RNGs
[INFO] [2016.9.27 19:40:9 /home/d.mingers/opt/nest-gitclone/nestkernel/rng_manager.cpp:272 @ Network::create_grng_] : Creating new default global RNG

              -- N E S T --

  Copyright (C) 2004 The NEST Initiative
  Version 2.11.0 Sep 16 2016 15:44:15

This program is provided AS IS and comes with
NO WARRANTY. See the file LICENSE for details.

Problems or suggestions?
[INFO] [2016.9.27 19:40:16 /home/d.mingers/opt/nest-gitclone/nestkernel/rng_manager.cpp:221 @ Network::create_rngs_] : Deleting existing random number generators
[INFO] [2016.9.27 19:40:16 /home/d.mingers/opt/nest-gitclone/nestkernel/rng_manager.cpp:226 @ Network::create_rngs_] : Creating default RNGs
[INFO] [2016.9.27 19:40:16 /home/d.mingers/opt/nest-gitclone/nestkernel/rng_manager.cpp:272 @ Network::create_grng_] : Creating new default global RNG

              -- N E S T --

  Copyright (C) 2004 The NEST Initiative
  Version 2.11.0 Sep 16 2016 15:44:15

This program is provided AS IS and comes with

             -- N E S T --
CENSE for details.
   Copyright (C) 2004 The NE
T Initiative
  Visit http://www.nest-simulator.org

 Copyright (C) 2004 The NEST Initiative
This program is provided AS IS and comes with
.

This program is provided AS IS and comes with

NProblems or suggestions?
LICENSE for details.
 Problems or suggestions?
mulator.org

Type 'nest.help()' to find out more ab
ut NEST.
Type 'nest.help()' to find out more about NEST.

              -- N E S T --

  Copyright (C) 2004 The NEST Initiative
  Version 2.11.0 Sep 16 2016 15:44:15

This program is provided AS IS and comes with
NO WARRANTY. See the file LICENSE for details.

Problems or suggestions?

 Visit http://www.nest-simulator.org
              -- N E S T --
Type 'nest.help()' to find out more about NEST.

  Copyright (C) 2004 The NEST Initiative
  Version 2.11.0 Sep 16 2016 15:44:15

This program is provided AS IS and comes with
NO WARRANTY. See the file LICENSE for details.

Problems or suggestions?
  Visit http://www.nest-simulator.org

Type 'nest.help()' to find out more about NEST.

              -- N E S T --

  Copyright (C) 2004 The NEST Initiative
  Version 2.11.0 Sep 16 2016 15:44:15

This program is provided AS IS and comes with
NO WARRANTY. See the file LICENSE for details.

Problems or suggestions?
  Visit http://www.nest-simulator.org

Type 'nest.help()' to find out more about NEST.

              -- N E S T --

  Copyright (C) 2004 The NEST Initiative
  Version 2.11.0 Sep 16 2016 15:44:15

This program is provided AS IS and comes with
NO WARRANTY. See the file LICENSE for details.

Problems or suggestions?
  Visit http://www.nest-simulator.org

Type 'nest.help()' to find out more about NEST.
