discarding /home/d.mingers/.conda/envs/mingpython/bin from PATH
discarding /home/d.mingers/.conda/envs/mingpython/bin from PATH
discarding /home/d.mingers/.conda/envs/mingpython/bin from PATH
discarding /home/d.mingers/.conda/envs/mingpython/bin from PATH
discarding /home/d.mingers/.conda/envs/mingpython/bin from PATH
discarding /home/d.mingers/.conda/envs/mingpython/bin from PATH
prepending /home/d.mingers/.conda/envs/mingpython/bin to PATH
prepending /home/d.mingers/.conda/envs/mingpython/bin to PATH
prepending /home/d.mingers/.conda/envs/mingpython/bin to PATH
prepending /home/d.mingers/.conda/envs/mingpython/bin to PATH
prepending /home/d.mingers/.conda/envs/mingpython/bin to PATH
prepending /home/d.mingers/.conda/envs/mingpython/bin to PATH
srun: got SIGCONT
srun: got SIGCONT
 *** STEP 645695.0 ON blaustein31 CANCELLED AT 2016-09-27T12:32:36 ***
slurmstepd: error: *** JOB 645695 ON blaustein31 CANCELLED AT 2016-09-27T12:32:36 ***
srun: got SIGCONT
 *** STEP 645692.0 ON blaustein28 CANCELLED AT 2016-09-27T12:32:34 ***
slurmstepd: error: *** STEP 645693.0 ON blaustein29 CANCELLED AT 2016-09-27T12:32:36 *sluslurmstepd: error: *** JOB 645693 ON blaustein29 CANCELLED AT 2016-09-27T12:32:36 ***
srun: forcing job termination
5689.0 ON blaustein25 CANCELLED AT 2016-09-27T12:32:40 ***
srun: forcing job termination
srun: Job step aborted: Waiting up to 32 seconds for job step to finish.
srun: Job step aborted: Waiting up to 32 seconds for job step to finish.
srun: got SIGCONT
rted: Waiting up to 32 seconds for job step to finish.
slurmstepd: error: *** JOB 645688 ON blaustein24 CANCELLED AT 2016-09-27T12:32:44 ***
srun: forcing job termination
srun: Job step aborted: Waiting up to 32 seconds for job step to finish.
srun: forcing job termination
slurmstepd: error: *** STEP 645688.0 ON blaustein24 CANCELLED AT 2016-09-27T12:32:44 ***
srun: got SIGCONT
slurmstepd: error: *** JOB 645690 ON blaustein26 CANCELLED AT 2016-09-27T12:32:39 ***
srun: forcing job termination
slurmstepd: error: *** STEP 645690.0 ON blaustein26 CANCELLED AT 2016-09-27T12:32:39 ***
srun: got SIGCONT
rted: Waiting up to 32 seconds for job step to finish.
slurmstepd: error: *** JOB 645694 ON blaustein30 CANCELLED AT 2016-09-27T12:32:35 ***
slurmstepd: error: *** STEP 645694.0 ON blaustein30 CANCELLED AT 2016-09-27T12:32:35 ***
srun: error: blaustein30: task 0: Terminated
srun: Force Terminated job step 645694.0
srun: forcing job termination
