[INFO] [2016.9.28 13:2:12 /home/d.mingers/opt/nest-gitclone/nestkernel/rng_manager.cpp:226 @ Network::create_rngs_] : Creating default RNGs
[INFO] [2016.9.28 13:2:18 /home/d.mingers/opt/nest-gitclone/nestkernel/rng_manager.cpp:226 @ Network::create_rngs_] : Creating default RNGs
[INFO] [2016.9.28 13:2:14 /home/d.mingers/opt/nest-gitclone/nestkernel/rng_manager.cpp:226 @ Network::create_rngs_] : Creating default RNGs
[INFO] [2016.9.28 13:2:16 /home/d.mingers/opt/nest-gitclone/nestkernel/rng_manager.cpp:226 @ Network::create_rngs_] : Creating default RNGs
[INFO] [2016.9.28 13:2:13 /home/d.mingers/opt/nest-gitclone/nestkernel/rng_manager.cpp:221 @ Network::create_rngs_] : Deleting existing random number generators
[INFO] [2016.9.28 13:2:18 /home/d.mingers/opt/nest-gitclone/nestkernel/rng_manager.cpp:221 @ Network::create_rngs_] : Deleting existing rand[INFO] [2016.9.28 13:[INFO] [2016.9.28 13:2:17 /home/d.mingers/opt/nest-gitclone/nestkernel/rng_manager.cpp:221 @ Network::create_rngs_] : Deleting existing rand[INFO] [20[INFO] [201[INFO] [2016.9.28 13:2:19 /home/d.mingers/opt/nest-gitclone/nestkernel/rng_manager.cpp:226 @ Network::create_rngs_] : Creating default RNGs
[INFO] [2016.9.28 13:2:12 /home/d.mingers/opt/nest-gitclone/nestkernel/rng_manager.cpp:272 @ Network::create_grng_] : Creating new default g[INFO] [2016.9.28 13:2:14 /home/d.mingers/opt/nest-gitclone/nestkernel/rng_manager.cpp:221 @ Network::create_rngs_] : Deleting existing random number generators
[INFO] [2016.9.28 13:2:14 /home/d.mingers/opt/nest-gitclone/nestkernel/rng_manager.cpp:226 @ Network::create_rngs_] : Creating default RNGs
lobal RNG
[INFO] [2016.9.28 13:2:16 /home/d.mingers/opt/nest-gitclone/nestkernel/rng_manager.cpp:272 @ Network::create_grng_] : Creating new default global RNG


             -- N E S T --

   Copyright (C) 2004 The NE  Copyright ( 
Copyright (C) 2004 The NES  Version 2.1  Version 2.11.0 Sep 16 2016 15:44:15

 Version 2.11.0 Sep 16 2016 15:44:15
ve
This program is provided AS IS and comes with
This program is provided AS IS and comes with

his program is provided AS IS and comes with


O WARRANTY. See the file LICENSE for details.

his program is provided AS IS and comes with
NO WARRANTY. See the filePProblems or suggestions?
 Visit http:
 Visit http://www.nest-s  Visit http:
/www.nest-simulator.org
Type 'nest.help()' to find out more about NEST.
find out more about NEST.TType 'nest.help()' to find out more about NEST.

Type 'nest.help()' to find out more about NEST.
Type 'nest.help()' to find out more about NEST.
