[INFO] [2016.9.27 12:13:45 /home/d.mingers/opt/nest-gitclone/nestkernel/rng_manager.cpp:226 @ Network::create_rngs_] : Creating default RNGs
[INFO] [2016.9.27 12:13:46 /home/d.mingers/opt/nest-gitclone/nestkernel/rng_manager.cpp:226 @ Network::create_rngs_] : Creating default RNGs
[INFO] [2016.9.27 12:13:44 /home/d.mingers/opt/nest-gitclone/nestkernel/rng_manager.cpp:226 @ Network::create_rngs_] : Creating default RNGs
[INFO] [2016.9.27 12:13:41 /home/d.mingers/opt/nest-gitclone/nestkernel/rng_manager.cpp:226 @ Network::create_rngs_] : Creating default RNGs
[INFO] [2016.9.27 12:13:39 /home/d.mingers/opt/nest-gitclone/nestkernel/rng_manager.cpp:226 @ Network::create_rngs_] : Creating default RNGs
[INFO] [2016.9.27 12:13:49 /home/d.mingers/opt/nest-gitclone/nestkernel/rng_manager.cpp:226 @ Network::create_rngs_] : Creating default RNGs
[INFO] [2016.9.27 12:13:41 /home/d.mingers/opt/nest-gitclone/nestkernel/rng_manager.cpp:226 @ Network::create_rngs_] : Creating default RNGs
[INFO] [2016.9.27 12:13:41 /home/d.mingers/opt/nest-gitclone/nestkernel/rng_manager.cpp:226 @ Network::create_rngs_] : Creating default RNGs
[INFO] [2016.9.27 12:13:45 /home/d.mingers/opt/nest-gitclone/nestkernel/rng_manager.cpp:221 @ Network::create_rngs_] : Deleting existing random number generators
[INFO] [2016.9.27 12:13:45 /home/d.mingers/opt/nest-gitclone/nestkernel/rng_manager.cpp:226 @ Network::create_rngs_] : Creating default RNGs
[INFO] [2016.9.27 12:13:45 /home/d.mingers/opt/nest-gitclone/nestkernel/rng_manager.cpp:272 @ Network::create_grng_] : Creating new default global RNG
[INFO] [2016.9.27 12:13:46 /home/d.mingers/opt/nest-gitclone/nestkernel/rng_manager.cpp:221 @ Network::create_rngs_] : Deleting existing random number generators
[INFO] [2016.9.27 12:13:46 /home/d.mingers/opt/nest-gitclone/nestkernel/rng_manager.cpp:226 @ Network::create_rngs_] : Creating default RNGs
[INFO] [2016.9.27 12:13:46 /home/d.mingers/opt/nest-gitclone/nestkernel/rng_manager.cpp:272 @ Network::create_grng_] : Creating new default global RNG
[INFO] [2016.9.27 12:13:44 /home/d.mingers/opt/nest-gitclone/nestkernel/rng_manager.cpp:221 @ Network::create_rngs_] : Deleting existing random number generators
[INFO] [2016.9.27 12:13:44 /home/d.mingers/opt/nest-gitclone/nestkernel/rng_manager.cpp:226 @ Network::create_rngs_] : Creating default RNGs
om number generators
[INFO] [2016.9.27 12:13:44 /home/d.mingers/opt/nest-gitclone/nestkernel/rng_manager.cpp:272 @ Network::create_grng_] : Creating new default global RNG
generators
[INFO] [2016.9.27 12:13:41 /home/d.mingers/opt/nest-gitclone/nestkernel/rng_manager.cpp:272 @ Network::create_grng_] : Creating new default global RNG
[INFO] [2016.9.27 12:13:39 /home/d.mingers/opt/nest-gitclone/nestkernel/rng_manager.cpp:272 @ Network::create_grng_] : Creating new default global RNG
[INFO] [2016.9.27 12:13:49 /home/d.mingers/opt/nest-gitclone/nestkernel/rng_manager.cpp:221 @ Network::create_rngs_] : Deleting existing random number generators
[INFO] [2016.9.27 12:13:49 /home/d.mingers/opt/nest-gitclone/nestkernel/rng_manager.cpp:226 @ Network::create_rngs_] : Creating default RNGs
[INFO] [2016.9.27 12:13:49 /home/d.mingers/opt/nest-gitclone/nestkernel/rng_manager.cpp:272 @ Network::create_grng_] : Creating new default global RNG
[INFO] [2016.9.27 12:13:41 /home/d.mingers/opt/nest-gitclone/nestkernel/rng_manager.cpp:221 @ Network::create_rngs_] : Deleting existing random number generators
[INFO] [2016.9.27 12:13:41 /home/d.mingers/opt/nest-gitclone/nestkernel/rng_manager.cpp:226 @ Network::create_rngs_] : Creating default RNGs
[INFO] [2016.9.27 12:13:41 /home/d.mingers/opt/nest-gitclone/nestkernel/rng_manager.cpp:272 @ Network::create_grng_] : Creating new default global RNG
[INFO] [2016.9.27 12:13:41 /home/d.mingers/opt/nest-gitclone/nestkernel/rng_manager.cpp:221 @ Network::create_rngs_] : Deleting existing random number generators
[INFO] [2016.9.27 12:13:41 /home/d.mingers/opt/nest-gitclone/nestkernel/rng_manager.cpp:226 @ Network::create_rngs_] : Creating default RNGs
[INFO] [2016.9.27 12:13:41 /home/d.mingers/opt/nest-gitclone/nestkernel/rng_manager.cpp:272 @ Network::create_grng_] : Creating new default global RNG

              -- N E S T --

             -- N E S T --
  Copyright (C) 2004 The NEST Initiative
  Version 2.11.0 Sep 16 2016 15:44:15
ve

 Version 2.11.0 Sep 16 2016 15:44:15
This program is provided AS IS and comes with
NO WARRANTY. See the file LICENSE for details.

O WARRANTY. See the file LICENSE for details.
P
oblems or suggestions?
  Visit http://www.nest-simulator.org

             -- N E S T --
lator.org
Type 'nest.help()' to find out more about NEST.
  Copyright (C) 2004 The NEST Initiative
 NEST.
  Version 2.11.0 Sep 16 2016 15:44:15

This program is provided AS IS and comes with
NO WARRANTY. See the file LICENSE for details.

P              -- N E S T --
 Visit http://www.nest-simu
ator.org
  Copyright (C) 2004 The NES  Copyright (C) 2004 The NEST Initiative
  Copyright (C) 2004 The NEST Initiati
 Version 2.11.0 Sep 16 2016 15:44:15
This program is provided AS IS and com
s with
NO WARRANTY. See the file LICENSE for details.
NO WARRANTY. See the file LICENSE for details.
Problems or suggestions?
 LICENSE for details.

Problems or suggestions?
imulator.org

Type 'nest.help()' to find out more about NEST.

Type 'nest.help()' to find out more about NEST.

              -- N E S T --

  Copyright (C) 2004 The NEST Initiative
  Version 2.11.0 Sep 16 2016 15:44:15

This program is provided AS IS and comes with
NO WARRANTY. See the file LICENSE for details.

Problems or suggestions?
  Visit http://www.nest-simulator.org

Type 'nest.help()' to find out more about NEST.
