discarding /home/d.mingers/.conda/envs/mingpython/bin from PATH
discarding /home/d.mingers/.conda/envs/mingpython/bin from PATH
discarding /home/d.mingers/.conda/envs/mingpython/bin from PATH
discarding /home/d.mingers/.conda/envs/mingpython/bin from PATH
discarding /home/d.mingers/.conda/envs/mingpython/bin from PATH
discarding /home/d.mingers/.conda/envs/mingpython/bin from PATH
prepending /home/d.mingers/.conda/envs/mingpython/bin to PATH
prepending /home/d.mingers/.conda/envs/mingpython/bin to PATH
prepending /home/d.mingers/.conda/envs/mingpython/bin to PATH
prepending /home/d.mingers/.conda/envs/mingpython/bin to PATH
prepending /home/d.mingers/.conda/envs/mingpython/bin to PATH
prepending /home/d.mingers/.conda/envs/mingpython/bin to PATH
prepending /home/d.mingers/.conda/envs/mingpython/bin to PATH
slurmstepd: error: *** STEP 646713.0 ON blaustein03 CANCELLED AT 2016-09-27T20:40:32 DUE TO TIME LIMIT ***
slurmstepd: error: *** JOB 646713 ON blaustein03 CANCELLED AT 2016-09-27T20:40:32 DUE TO TIME LIMIT ***
**
slurmstepd: error: *** JOB 646715 ON blaustein02 CANCELLED AT 2016-09-27T20:40:31 DUE TO TIME LIMIT ***
slurmstepd: error: *** STEP 646716.0 ON blaustein24 CANCELLED AT 2016-09-27T20:40:40 DUE TO TIME LIMIT ***
slurmstepd: error: *** STEP 646717.0 ON blaustein25 CANCELLED AT 2016-09-27T20:40:35 DUE TO TIME LIMIT *srusrun: got SIGCONT
rmstepd: error: *** JOB 646717 ON blaustein25 CANCELLED AT 2016-09-27T20:40:35 DUE TO TIME LIMIT ***
slurmstepd: error: *** JOB 646718 ON blaustein26 CANCELLED AT 2016-09-27T20:40:35 DUE TO TIME LIMIT ***
srun: forcing job termination
slurmstepd: error: *** STEP 646718.0 ON blaustein26 CANCELLED AT 2016-09-27T20:40:35 DUE TO TIME LIMIT ***
srun: got SIGCONT
termination
slurmstepd: error: *** STEP 646719.0 ON blaustein04 CANCELLED AT 2016-09-27T20:40:30 DUE TO TIME LIMIT ***
slurmstepd: error: *** JOB 646srun: got SIGCONT
rted: Waiting up to 32 seconds for job step to finish.

srun: Job step aborted: Waiting up to 32 seconds for job step to finish.
slurmstepd: error: *** JOB 645715 ON blaustein05 CANCELLED AT 2016-09-27T20:40:32 DUE TO TIME LIMIT ***
srun: Job step aborted: Waiting up to 32 seconds for job step to finish.
slurmstepd: error: *** STEP 645715.0 ON blaustein05 CANCELLED AT 2016-09-27T20:40:32 DUE TO TIME LIMIT ***
srun: got SIGCONT
termination
srun: Job step aborted: Waiting up to 32 seconds for job step to finish.
srun: forcing job termination
srun: Job step aborted: Waiting up to 32 seconds for job step to finish.
srun: forcing job termination
srun: Job step aborted: Waiting up to 32 seconds for job step to finish.
srun: Job step aborted: Waiting up to 32 seconds for job step to finish.
